<?xml version="1.0" encoding="UTF-8"?>
<testsuite xmlns:xsi="http://www.w3.org/2001/XMLSchema-instance" xsi:noNamespaceSchemaLocation="https://maven.apache.org/surefire/maven-surefire-plugin/xsd/surefire-test-report.xsd" version="3.0.2" name="org.namewta.test.notify.NotifyMailAttachmentIntegrationTest" time="60.717" tests="27" errors="0" skipped="0" failures="0" flakes="0">
  <properties>
[...]
</properties>
  <testcase name="noAttachmentSubmitAndWorkerEachMakeZeroOssRequests" classname="org.namewta.test.notify.NotifyMailAttachmentIntegrationTest" time="1.84">
    <system-out><![CDATA[Application Version: 6.0.0
Spring Boot Version: 4.1.0
__________            _____.___.__         ____   ____                     __________.__
\______   \__ __  ____\__  |   |__|        \   \ /   /_ __   ____          \______   \  |  __ __  ______
 |       _/  |  \/  _ \/   |   |  |  ______ \   Y   /  |  \_/ __ \   ______ |     ___/  | |  |  \/  ___/
 |    |   \  |  (  <_> )____   |  | /_____/  \     /|  |  /\  ___/  /_____/ |    |   |  |_|  |  /\___ \
 |____|_  /____/ \____// ______|__|           \___/ |____/  \___  >         |____|   |____/____//____  >
        \/             \/                                       \/                                   \/

&amp#27;[36m2026-09-24 03:11:05&amp#27;[0;39m &amp#27;[32m[main]&amp#27;[0;39m &amp#27;[34mINFO &amp#27;[0;39m &amp#27;[1;35mo.n.t.n.NotifyMailAttachmentIntegrationTest
&amp#27;[0;39m - Starting NotifyMailAttachmentIntegrationTest using Java 21.0.12.1 with PID 2521012 (started by root in /srv/WTA-plus/backend/wta-admin)
&amp#27;[36m2026-09-24 03:11:05&amp#27;[0;39m &amp#27;[32m[main]&amp#27;[0;39m &amp#27;[34mINFO &amp#27;[0;39m &amp#27;[1;35mo.n.t.n.NotifyMailAttachmentIntegrationTest
&amp#27;[0;39m - The following 1 profile is active: "dev"
&amp#27;[36m2026-09-24 03:11:05&amp#27;[0;39m &amp#27;[32m[background-preinit]&amp#27;[0;39m &amp#27;[34mINFO &amp#27;[0;39m &amp#27;[1;35mo.h.validator.internal.util.Version
&amp#27;[0;39m - HV000001: Hibernate Validator 9.1.0.Final
&amp#27;[36m2026-09-24 03:11:09&amp#27;[0;39m &amp#27;[32m[main]&amp#27;[0;39m &amp#27;[31mWARN &amp#27;[0;39m &amp#27;[1;35mo.s.c.a.ConfigurationClassPostProcessor
&amp#27;[0;39m - Cannot enhance @Configuration bean definition 'com.yomahub.liteflow.springboot.config.LiteflowMainAutoConfiguration' since its singleton instance has been created too early. The typical cause is a non-static @Bean method with a BeanDefinitionRegistryPostProcessor return type: Consider declaring such methods as 'static' and/or marking the containing configuration class as 'proxyBeanMethods=false'.
&amp#27;[36m2026-09-24 03:11:09&amp#27;[0;39m &amp#27;[32m[main]&amp#27;[0;39m &amp#27;[31mWARN &amp#27;[0;39m &amp#27;[1;35mo.s.core.annotation.MergedAnnotation
&amp#27;[0;39m - Failed to introspect meta-annotation @AutoConfigureAfter on class com.yomahub.liteflow.springboot.metrics.LiteflowMetricsAutoConfiguration: java.lang.TypeNotPresentException: Type org.springframework.boot.actuate.autoconfigure.metrics.MetricsAutoConfiguration not present
&amp#27;[36m2026-09-24 03:11:09&amp#27;[0;39m &amp#27;[32m[main]&amp#27;[0;39m &amp#27;[34mINFO &amp#27;[0;39m &amp#27;[1;35mc.g.y.a.MybatisPlusJoinAutoConfiguration
&amp#27;[0;39m - MPJ SqlSessionFactory bean definition: sqlSessionFactory factoryBeanName: com.baomidou.mybatisplus.autoconfigure.MybatisPlusAutoConfiguration factoryMethodName: sqlSessionFactory source: public org.apache.ibatis.session.SqlSessionFactory com.baomidou.mybatisplus.autoconfigure.MybatisPlusAutoConfiguration.sqlSessionFactory(javax.sql.DataSource)
&amp#27;[36m2026-09-24 03:11:10&amp#27;[0;39m &amp#27;[32m[main]&amp#27;[0;39m &amp#27;[31mWARN &amp#27;[0;39m &amp#27;[1;35mo.s.c.s.PostProcessorRegistrationDelegate$BeanPostProcessorChecker
&amp#27;[0;39m - Bean 'com.yomahub.liteflow.springboot.config.LiteflowPropertyAutoConfiguration' of type [com.yomahub.liteflow.springboot.config.LiteflowPropertyAutoConfiguration$$SpringCGLIB$$0] is not eligible for getting processed by all BeanPostProcessors (for example: not eligible for auto-proxying). Is this bean getting eagerly injected/applied to a currently created BeanPostProcessor [componentScanner]? Check the corresponding BeanPostProcessor declaration and its dependencies/advisors. If this bean does not have to be post-processed, declare it with ROLE_INFRASTRUCTURE.
&amp#27;[36m2026-09-24 03:11:10&amp#27;[0;39m &amp#27;[32m[main]&amp#27;[0;39m &amp#27;[31mWARN &amp#27;[0;39m &amp#27;[1;35mo.s.c.s.PostProcessorRegistrationDelegate$BeanPostProcessorChecker
&amp#27;[0;39m - Bean 'liteflow-com.yomahub.liteflow.springboot.LiteflowProperty' of type [com.yomahub.liteflow.springboot.LiteflowProperty] is not eligible for getting processed by all BeanPostProcessors (for example: not eligible for auto-proxying). Is this bean getting eagerly injected/applied to a currently created BeanPostProcessor [componentScanner]? Check the corresponding BeanPostProcessor declaration and its dependencies/advisors. If this bean does not have to be post-processed, declare it with ROLE_INFRASTRUCTURE.
&amp#27;[36m2026-09-24 03:11:10&amp#27;[0;39m &amp#27;[32m[main]&amp#27;[0;39m &amp#27;[31mWARN &amp#27;[0;39m &amp#27;[1;35mo.s.c.s.PostProcessorRegistrationDelegate$BeanPostProcessorChecker
&amp#27;[0;39m - Bean 'liteflow.monitor-com.yomahub.liteflow.springboot.LiteflowMonitorProperty' of type [com.yomahub.liteflow.springboot.LiteflowMonitorProperty] is not eligible for getting processed by all BeanPostProcessors (for example: not eligible for auto-proxying). Is this bean getting eagerly injected/applied to a currently created BeanPostProcessor [componentScanner]? Check the corresponding BeanPostProcessor declaration and its dependencies/advisors. If this bean does not have to be post-processed, declare it with ROLE_INFRASTRUCTURE.
&amp#27;[36m2026-09-24 03:11:10&amp#27;[0;39m &amp#27;[32m[main]&amp#27;[0;39m &amp#27;[31mWARN &amp#27;[0;39m &amp#27;[1;35mo.s.c.s.PostProcessorRegistrationDelegate$BeanPostProcessorChecker
&amp#27;[0;39m - Bean 'liteflowConfig' of type [com.yomahub.liteflow.property.LiteflowConfig] is not eligible for getting processed by all BeanPostProcessors (for example: not eligible for auto-proxying). Is this bean getting eagerly injected/applied to a currently created BeanPostProcessor [componentScanner]? Check the corresponding BeanPostProcessor declaration and its dependencies/advisors. If this bean does not have to be post-processed, declare it with ROLE_INFRASTRUCTURE.
&amp#27;[36m2026-09-24 03:11:10&amp#27;[0;39m &amp#27;[32m[main]&amp#27;[0;39m &amp#27;[31mWARN &amp#27;[0;39m &amp#27;[1;35mo.s.c.s.PostProcessorRegistrationDelegate$BeanPostProcessorChecker
&amp#27;[0;39m - Bean 'com.yomahub.liteflow.spi.spring.SpringAware' of type [com.yomahub.liteflow.spi.spring.SpringAware] is not eligible for getting processed by all BeanPostProcessors (for example: not eligible for auto-proxying). Is this bean getting eagerly injected/applied to a currently created BeanPostProcessor [componentScanner]? Check the corresponding BeanPostProcessor declaration and its dependencies/advisors. If this bean does not have to be post-processed, declare it with ROLE_INFRASTRUCTURE.
&amp#27;[36m2026-09-24 03:11:10&amp#27;[0;39m &amp#27;[32m[main]&amp#27;[0;39m &amp#27;[34mINFO &amp#27;[0;39m &amp#27;[1;35mc.yomahub.liteflow.util.LOGOPrinter
&amp#27;[0;39m - 
================================================================================================
		 _     ___ _____ _____      _____ _     _____        __
		| |   |_ _|_   _| ____|    |  ___| |   / _ \ \      / /
		| |    | |  | | |  _| _____| |_  | |  | | | \ \ /\ / / 
		| |___ | |  | | | |__|_____|  _| | |__| |_| |\ V  V /  
		|_____|___| |_| |_____|    |_|   |_____\___/  \_/\_/   

		Version: 2.16.1.2
		Make your code amazing.
		website：https://liteflow.cc
================================================================================================

&amp#27;[36m2026-09-24 03:11:10&amp#27;[0;39m &amp#27;[32m[main]&amp#27;[0;39m &amp#27;[31mWARN &amp#27;[0;39m &amp#27;[1;35mo.s.c.s.PostProcessorRegistrationDelegate$BeanPostProcessorChecker
&amp#27;[0;39m - Bean 'org.springframework.ai.mcp.server.common.autoconfigure.annotations.McpServerAnnotationScannerAutoConfiguration' of type [org.springframework.ai.mcp.server.common.autoconfigure.annotations.McpServerAnnotationScannerAutoConfiguration] is not eligible for getting processed by all BeanPostProcessors (for example: not eligible for auto-proxying). Is this bean getting eagerly injected/applied to a currently created BeanPostProcessor [serverAnnotatedMethodBeanPostProcessor]? Check the corresponding BeanPostProcessor declaration and its dependencies/advisors. If this bean does not have to be post-processed, declare it with ROLE_INFRASTRUCTURE.
&amp#27;[36m2026-09-24 03:11:10&amp#27;[0;39m &amp#27;[32m[main]&amp#27;[0;39m &amp#27;[31mWARN &amp#27;[0;39m &amp#27;[1;35mo.s.c.s.PostProcessorRegistrationDelegate$BeanPostProcessorChecker
&amp#27;[0;39m - Bean 'serverAnnotatedBeanRegistry' of type [org.springframework.ai.mcp.server.common.autoconfigure.annotations.McpServerAnnotationScannerAutoConfiguration$ServerMcpAnnotatedBeans] is not eligible for getting processed by all BeanPostProcessors (for example: not eligible for auto-proxying). Is this bean getting eagerly injected/applied to a currently created BeanPostProcessor [serverAnnotatedMethodBeanPostProcessor]? Check the corresponding BeanPostProcessor declaration and its dependencies/advisors. If this bean does not have to be post-processed, declare it with ROLE_INFRASTRUCTURE.
&amp#27;[36m2026-09-24 03:11:10&amp#27;[0;39m &amp#27;[32m[main]&amp#27;[0;39m &amp#27;[31mWARN &amp#27;[0;39m &amp#27;[1;35mo.s.c.s.PostProcessorRegistrationDelegate$BeanPostProcessorChecker
&amp#27;[0;39m - Bean 'spring.ai.mcp.server.annotation-scanner-org.springframework.ai.mcp.server.common.autoconfigure.annotations.McpServerAnnotationScannerProperties' of type [org.springframework.ai.mcp.server.common.autoconfigure.annotations.McpServerAnnotationScannerProperties] is not eligible for getting processed by all BeanPostProcessors (for example: not eligible for auto-proxying). Is this bean getting eagerly injected/applied to a currently created BeanPostProcessor [serverAnnotatedMethodBeanPostProcessor]? Check the corresponding BeanPostProcessor declaration and its dependencies/advisors. If this bean does not have to be post-processed, declare it with ROLE_INFRASTRUCTURE.
&amp#27;[36m2026-09-24 03:11:10&amp#27;[0;39m &amp#27;[32m[main]&amp#27;[0;39m &amp#27;[34mINFO &amp#27;[0;39m &amp#27;[1;35mc.g.y.a.MybatisPlusJoinAutoConfiguration
&amp#27;[0;39m - mybatis plus join properties config complete
&amp#27;[36m2026-09-24 03:11:10&amp#27;[0;39m &amp#27;[32m[main]&amp#27;[0;39m &amp#27;[34mINFO &amp#27;[0;39m &amp#27;[1;35mcom.zaxxer.hikari.HikariDataSource
&amp#27;[0;39m - master - Starting...
&amp#27;[36m2026-09-24 03:11:10&amp#27;[0;39m &amp#27;[32m[main]&amp#27;[0;39m &amp#27;[34mINFO &amp#27;[0;39m &amp#27;[1;35mcom.zaxxer.hikari.pool.HikariPool
&amp#27;[0;39m - master - Added connection com.mysql.cj.jdbc.ConnectionImpl@36f807f5
&amp#27;[36m2026-09-24 03:11:10&amp#27;[0;39m &amp#27;[32m[main]&amp#27;[0;39m &amp#27;[34mINFO &amp#27;[0;39m &amp#27;[1;35mcom.zaxxer.hikari.HikariDataSource
&amp#27;[0;39m - master - Start completed.
&amp#27;[36m2026-09-24 03:11:10&amp#27;[0;39m &amp#27;[32m[main]&amp#27;[0;39m &amp#27;[34mINFO &amp#27;[0;39m &amp#27;[1;35mc.b.d.d.DynamicRoutingDataSource
&amp#27;[0;39m - dynamic-datasource - add a datasource named [master] success
&amp#27;[36m2026-09-24 03:11:10&amp#27;[0;39m &amp#27;[32m[main]&amp#27;[0;39m &amp#27;[34mINFO &amp#27;[0;39m &amp#27;[1;35mc.b.d.d.DynamicRoutingDataSource
&amp#27;[0;39m - dynamic-datasource initial loaded [1] datasource,primary datasource named [master]
&amp#27;[36m2026-09-24 03:11:11&amp#27;[0;39m &amp#27;[32m[main]&amp#27;[0;39m &amp#27;[34mINFO &amp#27;[0;39m &amp#27;[1;35mc.g.y.a.MybatisPlusJoinAutoConfiguration
&amp#27;[0;39m - mybatis plus join SqlInjector init
 _ _   |_  _ _|_. ___ _ |    _ 
| | |\/|_)(_| | |_\  |_)||_|_\ 
     /               |         
                        3.5.15 
&amp#27;[36m2026-09-24 03:11:13&amp#27;[0;39m &amp#27;[32m[main]&amp#27;[0;39m &amp#27;[34mINFO &amp#27;[0;39m &amp#27;[1;35mo.n.common.json.config.JacksonConfig
&amp#27;[0;39m - 初始化 jackson 配置
&amp#27;[36m2026-09-24 03:11:13&amp#27;[0;39m &amp#27;[32m[main]&amp#27;[0;39m &amp#27;[34mINFO &amp#27;[0;39m &amp#27;[1;35mo.n.common.redis.config.RedisConfig
&amp#27;[0;39m - 初始化 redis 配置
&amp#27;[36m2026-09-24 03:11:13&amp#27;[0;39m &amp#27;[32m[main]&amp#27;[0;39m &amp#27;[34mINFO &amp#27;[0;39m &amp#27;[1;35morg.redisson.Version
&amp#27;[0;39m - Redisson 4.6.1
&amp#27;[36m2026-09-24 03:11:14&amp#27;[0;39m &amp#27;[32m[redisson-netty-1-4]&amp#27;[0;39m &amp#27;[34mINFO &amp#27;[0;39m &amp#27;[1;35mo.r.connection.ConnectionsHolder
&amp#27;[0;39m - 1 connections initialized for 127.0.0.1/127.0.0.1:33023
&amp#27;[36m2026-09-24 03:11:14&amp#27;[0;39m &amp#27;[32m[redisson-netty-1-3]&amp#27;[0;39m &amp#27;[34mINFO &amp#27;[0;39m &amp#27;[1;35mo.r.connection.ConnectionsHolder
&amp#27;[0;39m - 8 connections initialized for 127.0.0.1/127.0.0.1:33023
&amp#27;[36m2026-09-24 03:11:15&amp#27;[0;39m &amp#27;[32m[main]&amp#27;[0;39m &amp#27;[34mINFO &amp#27;[0;39m &amp#27;[1;35mc.y.l.p.i.CmpAroundAspectBeanProcess
&amp#27;[0;39m - component[completeAutoPass] has been found
&amp#27;[36m2026-09-24 03:11:15&amp#27;[0;39m &amp#27;[32m[main]&amp#27;[0;39m &amp#27;[34mINFO &amp#27;[0;39m &amp#27;[1;35mc.y.l.p.i.CmpAroundAspectBeanProcess
&amp#27;[0;39m - component[completeExecute] has been found
&amp#27;[36m2026-09-24 03:11:15&amp#27;[0;39m &amp#27;[32m[main]&amp#27;[0;39m &amp#27;[34mINFO &amp#27;[0;39m &amp#27;[1;35mc.y.l.p.i.CmpAroundAspectBeanProcess
&amp#27;[0;39m - component[completeNeedAutoPass] has been found
&amp#27;[36m2026-09-24 03:11:15&amp#27;[0;39m &amp#27;[32m[main]&amp#27;[0;39m &amp#27;[34mINFO &amp#27;[0;39m &amp#27;[1;35mc.y.l.p.i.CmpAroundAspectBeanProcess
&amp#27;[0;39m - component[completePrepare] has been found
&amp#27;[36m2026-09-24 03:11:15&amp#27;[0;39m &amp#27;[32m[main]&amp#27;[0;39m &amp#27;[34mINFO &amp#27;[0;39m &amp#27;[1;35mc.y.l.p.i.CmpAroundAspectBeanProcess
&amp#27;[0;39m - component[instanceDeleteEvent] has been found
&amp#27;[36m2026-09-24 03:11:15&amp#27;[0;39m &amp#27;[32m[main]&amp#27;[0;39m &amp#27;[34mINFO &amp#27;[0;39m &amp#27;[1;35mc.y.l.p.i.CmpAroundAspectBeanProcess
&amp#27;[0;39m - component[instanceDeleteExecute] has been found
&amp#27;[36m2026-09-24 03:11:15&amp#27;[0;39m &amp#27;[32m[main]&amp#27;[0;39m &amp#27;[34mINFO &amp#27;[0;39m &amp#27;[1;35mc.y.l.p.i.CmpAroundAspectBeanProcess
&amp#27;[0;39m - component[instanceDeleteExists] has been found
&amp#27;[36m2026-09-24 03:11:15&amp#27;[0;39m &amp#27;[32m[main]&amp#27;[0;39m &amp#27;[34mINFO &amp#27;[0;39m &amp#27;[1;35mc.y.l.p.i.CmpAroundAspectBeanProcess
&amp#27;[0;39m - component[instanceDeleteLoad] has been found
&amp#27;[36m2026-09-24 03:11:15&amp#27;[0;39m &amp#27;[32m[main]&amp#27;[0;39m &amp#27;[34mINFO &amp#27;[0;39m &amp#27;[1;35mc.y.l.p.i.CmpAroundAspectBeanProcess
&amp#27;[0;39m - component[taskOpExecute] has been found
&amp#27;[36m2026-09-24 03:11:15&amp#27;[0;39m &amp#27;[32m[main]&amp#27;[0;39m &amp#27;[34mINFO &amp#27;[0;39m &amp#27;[1;35mc.y.l.p.i.CmpAroundAspectBeanProcess
&amp#27;[0;39m - component[taskOpLoad] has been found
&amp#27;[36m2026-09-24 03:11:15&amp#27;[0;39m &amp#27;[32m[main]&amp#27;[0;39m &amp#27;[34mINFO &amp#27;[0;39m &amp#27;[1;35mc.y.l.p.i.CmpAroundAspectBeanProcess
&amp#27;[0;39m - component[taskOpNeedNotify] has been found
&amp#27;[36m2026-09-24 03:11:15&amp#27;[0;39m &amp#27;[32m[main]&amp#27;[0;39m &amp#27;[34mINFO &amp#27;[0;39m &amp#27;[1;35mc.y.l.p.i.CmpAroundAspectBeanProcess
&amp#27;[0;39m - component[taskOpNotify] has been found
&amp#27;[36m2026-09-24 03:11:15&amp#27;[0;39m &amp#27;[32m[main]&amp#27;[0;39m &amp#27;[34mINFO &amp#27;[0;39m &amp#27;[1;35mc.y.l.p.i.CmpAroundAspectBeanProcess
&amp#27;[0;39m - component[taskOpPrepare] has been found
&amp#27;[36m2026-09-24 03:11:15&amp#27;[0;39m &amp#27;[32m[main]&amp#27;[0;39m &amp#27;[34mINFO &amp#27;[0;39m &amp#27;[1;35mc.y.l.p.i.CmpAroundAspectBeanProcess
&amp#27;[0;39m - component[startExecute] has been found
&amp#27;[36m2026-09-24 03:11:15&amp#27;[0;39m &amp#27;[32m[main]&amp#27;[0;39m &amp#27;[34mINFO &amp#27;[0;39m &amp#27;[1;35mc.y.l.p.i.CmpAroundAspectBeanProcess
&amp#27;[0;39m - component[startExists] has been found
&amp#27;[36m2026-09-24 03:11:15&amp#27;[0;39m &amp#27;[32m[main]&amp#27;[0;39m &amp#27;[34mINFO &amp#27;[0;39m &amp#27;[1;35mc.y.l.p.i.CmpAroundAspectBeanProcess
&amp#27;[0;39m - component[startPrepareInstance] has been found
&amp#27;[36m2026-09-24 03:11:15&amp#27;[0;39m &amp#27;[32m[main]&amp#27;[0;39m &amp#27;[34mINFO &amp#27;[0;39m &amp#27;[1;35mc.y.l.p.i.CmpAroundAspectBeanProcess
&amp#27;[0;39m - component[startPrepareRequest] has been found
&amp#27;[36m2026-09-24 03:11:15&amp#27;[0;39m &amp#27;[32m[main]&amp#27;[0;39m &amp#27;[34mINFO &amp#27;[0;39m &amp#27;[1;35mc.y.l.p.i.CmpAroundAspectBeanProcess
&amp#27;[0;39m - component[startResume] has been found
____ ____    ___ ____ _  _ ____ _  _ 
[__  |__| __  |  |  | |_/  |___ |\ | 
___] |  |     |  |__| | \_ |___ | \| 
https://sa-token.cc (v1.45.0)
&amp#27;[36m2026-09-24 03:11:17&amp#27;[0;39m &amp#27;[32m[main]&amp#27;[0;39m &amp#27;[34mINFO &amp#27;[0;39m &amp#27;[1;35mc.b.m.s.MybatisPlusApplicationContextAware
&amp#27;[0;39m - Register ApplicationContext instances org.springframework.web.context.support.GenericWebApplicationContext@27e2287c
 _ _   |_  _ _|_. ___ _ |    _  .  _  .  _  
| | |\/|_)(_| | |_\  |_)||_|_\  | (_) | | | 
     /               |          /
                                    1.5.9

   ▄     ▄                             ▄▄▄▄▄▄   ▄                     
   █  █  █  ▄▄▄    ▄ ▄▄  ▄▄▄▄▄         █        █     ▄▄▄  ▄     ▄    
   ▀ █▀█ █ ▀   █   █▀  ▀ █ █ █  ▄▄▄▄▄  █▄▄▄▄▄   █    █▀ ▀█ ▀▄ ▄ ▄▀    
    ██ ██▀ ▄▀▀▀█   █     █ █ █         █        █    █   █  █▄█▄█     
    █   █  ▀▄▄▀█   █     █ █ █         █        █▄▄  ▀█▄█▀   █ █      

&amp#27;[32m   :: Warm-Flow ::     (v1.8.9)&amp#27;[0m

&amp#27;[36m2026-09-24 03:11:17&amp#27;[0;39m &amp#27;[32m[main]&amp#27;[0;39m &amp#27;[34mINFO &amp#27;[0;39m &amp#27;[1;35mo.d.w.p.modes.sb.config.BeanConfig
&amp#27;[0;39m - 【warm-flow】，加载完成
&amp#27;[36m2026-09-24 03:11:17&amp#27;[0;39m &amp#27;[32m[main]&amp#27;[0;39m &amp#27;[34mINFO &amp#27;[0;39m &amp#27;[1;35mc.y.l.p.i.CmpAroundAspectBeanProcess
&amp#27;[0;39m - component[noop] has been found
&amp#27;[36m2026-09-24 03:11:17&amp#27;[0;39m &amp#27;[32m[main]&amp#27;[0;39m &amp#27;[34mINFO &amp#27;[0;39m &amp#27;[1;35mc.y.l.p.i.CmpAroundAspectBeanProcess
&amp#27;[0;39m - component[fail] has been found
&amp#27;[36m2026-09-24 03:11:17&amp#27;[0;39m &amp#27;[32m[main]&amp#27;[0;39m &amp#27;[34mINFO &amp#27;[0;39m &amp#27;[1;35mc.y.l.p.i.CmpAroundAspectBeanProcess
&amp#27;[0;39m - component[contextRequired] has been found
&amp#27;[36m2026-09-24 03:11:17&amp#27;[0;39m &amp#27;[32m[main]&amp#27;[0;39m &amp#27;[34mINFO &amp#27;[0;39m &amp#27;[1;35mc.y.l.p.i.CmpAroundAspectBeanProcess
&amp#27;[0;39m - component[alwaysTrue] has been found
&amp#27;[36m2026-09-24 03:11:17&amp#27;[0;39m &amp#27;[32m[main]&amp#27;[0;39m &amp#27;[34mINFO &amp#27;[0;39m &amp#27;[1;35mc.y.l.p.i.CmpAroundAspectBeanProcess
&amp#27;[0;39m - component[alwaysFalse] has been found
&amp#27;[36m2026-09-24 03:11:18&amp#27;[0;39m &amp#27;[32m[main]&amp#27;[0;39m &amp#27;[34mINFO &amp#27;[0;39m &amp#27;[1;35mc.y.l.p.factory.FlowParserProvider
&amp#27;[0;39m - flow info loaded from local file,path=classpath:liteflow/*.el.xml
 ________  _____ ______   ________  ___   ___        ___     
|\   ____\|\   _ \  _   \|\   ____\|\  \ |\  \      |\  \    
\ \  \___|\ \  \\\__\ \  \ \  \___|\ \  \\_\  \     \ \  \   
 \ \_____  \ \  \\|__| \  \ \_____  \ \______  \  __ \ \  \  
  \|____|\  \ \  \    \ \  \|____|\  \|_____|\  \|\  \\_\  \ 
    ____\_\  \ \__\    \ \__\____\_\  \     \ \__\ \________\
   |\_________\|__|     \|__|\_________\     \|__|\|________|
   \|_________|             \|_________|                     
V 3.3.5
&amp#27;[36m2026-09-24 03:11:18&amp#27;[0;39m &amp#27;[32m[main]&amp#27;[0;39m &amp#27;[34mINFO &amp#27;[0;39m &amp#27;[1;35mo.n.t.n.NotifyMailAttachmentIntegrationTest
&amp#27;[0;39m - Started NotifyMailAttachmentIntegrationTest in 13.984 seconds (process running for 15.496)
&amp#27;[36m2026-09-24 03:11:18&amp#27;[0;39m &amp#27;[32m[schedule-pool-3]&amp#27;[0;39m &amp#27;[34mINFO &amp#27;[0;39m &amp#27;[1;35mo.n.n.a.worker.NotifyOutboxWorker
&amp#27;[0;39m - notify outbox drain trigger=POLL claimed=0 batches=1
&amp#27;[36m2026-09-24 03:11:19&amp#27;[0;39m &amp#27;[32m[main]&amp#27;[0;39m &amp#27;[34mINFO &amp#27;[0;39m &amp#27;[1;35mo.n.s.runner.SystemApplicationRunner
&amp#27;[0;39m - 初始化OSS配置成功
&amp#27;[36m2026-09-24 03:11:20&amp#27;[0;39m &amp#27;[32m[async-1]&amp#27;[0;39m &amp#27;[34mINFO &amp#27;[0;39m &amp#27;[1;35mo.n.s.s.impl.SysLoginInfoServiceImpl
&amp#27;[0;39m - [127.0.0.1]内网IP[WTA][Success][登录成功]
&amp#27;[36m2026-09-24 03:11:20&amp#27;[0;39m &amp#27;[32m[main]&amp#27;[0;39m &amp#27;[34mINFO &amp#27;[0;39m &amp#27;[1;35mo.n.w.l.UserLoginSuccessListener
&amp#27;[0;39m - user doLogin, userId:sys_user:1761100000000000001, token:***SJ6GpDhA
&amp#27;[36m2026-09-24 03:11:20&amp#27;[0;39m &amp#27;[32m[main]&amp#27;[0;39m &amp#27;[34mINFO &amp#27;[0;39m &amp#27;[1;35mo.n.n.a.worker.NotifyOutboxWorker
&amp#27;[0;39m - notify outbox drain trigger=POLL claimed=1 batches=2
]]></system-out>
    <system-err><![CDATA[03:11:05,209 |-WARN in ch.qos.logback.core.joran.action.ConversionRuleAction - [converterClass] attribute is deprecated and replaced by [class]. See element [conversionRule] near line 9
Consume Time：21 ms Mapper ID：org.namewta.notify.mapper.NotifyChannelAccountMapper.selectList Command Type：SELECT
Consume Time：3 ms Mapper ID：org.namewta.third.mapper.ThirdEndpointMapper.selectList Command Type：SELECT
Consume Time：2 ms Mapper ID：org.namewta.notify.mapper.NotifyIntentAttachmentMapper.selectList Command Type：SELECT
Consume Time：2 ms Mapper ID：org.namewta.notify.mapper.NotifyOutboxMapper.databaseNow Command Type：SELECT
Consume Time：1 ms Mapper ID：org.namewta.system.mapper.SysOssConfigMapper.selectList Command Type：SELECT
Consume Time：2 ms Mapper ID：org.namewta.notify.mapper.NotifyOutboxMapper.selectClaimable Command Type：SELECT
Mockito is currently self-attaching to enable the inline-mock-maker. This will no longer work in future releases of the JDK. Please add Mockito as an agent to your build as described in Mockito's documentation: https://javadoc.io/doc/org.mockito/mockito-core/latest/org.mockito/org/mockito/Mockito.html#0.3
WARNING: A Java agent has been loaded dynamically (/root/.m2/repository/net/bytebuddy/byte-buddy-agent/1.18.10/byte-buddy-agent-1.18.10.jar)
WARNING: If a serviceability tool is in use, please run with -XX:+EnableDynamicAgentLoading to hide this warning
WARNING: If a serviceability tool is not in use, please run with -Djdk.instrument.traceUsage for more information
WARNING: Dynamic loading of agents will be disallowed by default in a future release
Consume Time：3 ms Mapper ID：org.namewta.system.mapper.SysUserMapper.updateById Command Type：UPDATE
Consume Time：4 ms Mapper ID：org.namewta.system.mapper.SysLoginInfoMapper.insert Command Type：INSERT
Consume Time：2 ms Mapper ID：org.namewta.notify.mapper.NotifyIntentMapper.selectList Command Type：SELECT
Consume Time：1 ms Mapper ID：org.namewta.notify.mapper.NotifyIntentMapper.insert Command Type：INSERT
Consume Time：1 ms Mapper ID：org.namewta.notify.mapper.NotifyRecipientMapper.insert Command Type：INSERT
Consume Time：2 ms Mapper ID：org.namewta.notify.mapper.NotifyDeliveryMapper.insert Command Type：INSERT
Consume Time：2 ms Mapper ID：org.namewta.notify.mapper.NotifyOutboxMapper.insert Command Type：INSERT
Consume Time：3 ms Mapper ID：org.namewta.notify.mapper.NotifyIntentMapper.selectById Command Type：SELECT
Consume Time：1 ms Mapper ID：org.namewta.notify.mapper.NotifyDeliveryMapper.selectList Command Type：SELECT
Consume Time：1 ms Mapper ID：org.namewta.notify.mapper.NotifyIntentAttachmentMapper.selectList Command Type：SELECT
Consume Time：0 ms Mapper ID：org.namewta.notify.mapper.NotifyOutboxMapper.databaseNow Command Type：SELECT
Consume Time：2 ms Mapper ID：org.namewta.notify.mapper.NotifyOutboxMapper.selectClaimable Command Type：SELECT
Consume Time：1 ms Mapper ID：org.namewta.notify.mapper.NotifyDeliveryMapper.selectByIds Command Type：SELECT
Consume Time：1 ms Mapper ID：org.namewta.notify.mapper.NotifyOutboxMapper.claim Command Type：UPDATE
Consume Time：2 ms Mapper ID：org.namewta.notify.mapper.NotifyOutboxMapper.selectById Command Type：SELECT
Consume Time：0 ms Mapper ID：org.namewta.notify.mapper.NotifyOutboxMapper.databaseNow Command Type：SELECT
Consume Time：1 ms Mapper ID：org.namewta.notify.mapper.NotifyIntentMapper.selectById Command Type：SELECT
Consume Time：1 ms Mapper ID：org.namewta.notify.mapper.NotifyDeliveryMapper.selectById Command Type：SELECT
Consume Time：1 ms Mapper ID：org.namewta.notify.mapper.NotifyIntentMapper.selectList Command Type：SELECT
Consume Time：1 ms Mapper ID：org.namewta.notify.mapper.NotifyOutboxMapper.selectList Command Type：SELECT
Consume Time：0 ms Mapper ID：org.namewta.notify.mapper.NotifyOutboxMapper.databaseNow Command Type：SELECT
Consume Time：1 ms Mapper ID：org.namewta.notify.mapper.NotifyOutboxMapper.renew Command Type：UPDATE
Consume Time：1 ms Mapper ID：org.namewta.notify.mapper.NotifyIntentMapper.selectList Command Type：SELECT
Consume Time：1 ms Mapper ID：org.namewta.notify.mapper.NotifyOutboxMapper.selectList Command Type：SELECT
Consume Time：1 ms Mapper ID：org.namewta.notify.mapper.NotifyIntentMapper.selectList Command Type：SELECT
Consume Time：1 ms Mapper ID：org.namewta.notify.mapper.NotifyDeliveryMapper.selectList Command Type：SELECT
Consume Time：0 ms Mapper ID：org.namewta.notify.mapper.NotifyOutboxMapper.databaseNow Command Type：SELECT
Consume Time：0 ms Mapper ID：org.namewta.notify.mapper.NotifyOutboxMapper.databaseNow Command Type：SELECT
Consume Time：1 ms Mapper ID：org.namewta.notify.mapper.NotifySceneBindingMapper.selectList Command Type：SELECT
Consume Time：1 ms Mapper ID：org.namewta.notify.mapper.NotifyChannelAccountMapper.selectById Command Type：SELECT
Consume Time：2 ms Mapper ID：org.namewta.notify.mapper.NotifyIntentMapper.selectList Command Type：SELECT
Consume Time：2 ms Mapper ID：org.namewta.notify.mapper.NotifyOutboxMapper.selectList Command Type：SELECT
Consume Time：1 ms Mapper ID：org.namewta.notify.mapper.NotifyIntentMapper.selectList Command Type：SELECT
Consume Time：1 ms Mapper ID：org.namewta.notify.mapper.NotifyDeliveryMapper.selectList Command Type：SELECT
Consume Time：0 ms Mapper ID：org.namewta.notify.mapper.NotifyOutboxMapper.databaseNow Command Type：SELECT
Consume Time：0 ms Mapper ID：org.namewta.notify.mapper.NotifyOutboxMapper.databaseNow Command Type：SELECT
Consume Time：1 ms Mapper ID：org.namewta.notify.mapper.NotifyChannelAccountMapper.selectList Command Type：SELECT
Consume Time：2 ms Mapper ID：org.namewta.notify.mapper.NotifyIntentMapper.selectList Command Type：SELECT
Consume Time：1 ms Mapper ID：org.namewta.notify.mapper.NotifyOutboxMapper.selectList Command Type：SELECT
Consume Time：1 ms Mapper ID：org.namewta.notify.mapper.NotifyIntentMapper.selectList Command Type：SELECT
Consume Time：1 ms Mapper ID：org.namewta.notify.mapper.NotifyDeliveryMapper.selectList Command Type：SELECT
Consume Time：0 ms Mapper ID：org.namewta.notify.mapper.NotifyOutboxMapper.databaseNow Command Type：SELECT
Consume Time：0 ms Mapper ID：org.namewta.notify.mapper.NotifyOutboxMapper.databaseNow Command Type：SELECT
Consume Time：0 ms Mapper ID：org.namewta.notify.mapper.NotifyIntentAttachmentMapper.selectList Command Type：SELECT
Consume Time：0 ms Mapper ID：org.namewta.notify.mapper.NotifyIntentMapper.selectList Command Type：SELECT
Consume Time：0 ms Mapper ID：org.namewta.notify.mapper.NotifyOutboxMapper.selectList Command Type：SELECT
Consume Time：1 ms Mapper ID：org.namewta.notify.mapper.NotifyDeliveryMapper.selectList Command Type：SELECT
Consume Time：0 ms Mapper ID：org.namewta.notify.mapper.NotifyOutboxMapper.databaseNow Command Type：SELECT
Consume Time：0 ms Mapper ID：org.namewta.notify.mapper.NotifyOutboxMapper.databaseNow Command Type：SELECT
Consume Time：1 ms Mapper ID：org.namewta.notify.mapper.NotifyDeliveryMapper.update Command Type：UPDATE
Consume Time：1 ms Mapper ID：org.namewta.notify.mapper.NotifyAttemptMapper.insert Command Type：INSERT
Consume Time：1 ms Mapper ID：org.namewta.notify.mapper.NotifyOutboxMapper.finish Command Type：UPDATE
Consume Time：1 ms Mapper ID：org.namewta.notify.mapper.NotifyIntentMapper.selectList Command Type：SELECT
Consume Time：1 ms Mapper ID：org.namewta.notify.mapper.NotifyDeliveryMapper.selectList Command Type：SELECT
Consume Time：1 ms Mapper ID：org.namewta.notify.mapper.NotifyIntentMapper.updateById Command Type：UPDATE
Consume Time：0 ms Mapper ID：org.namewta.notify.mapper.NotifyOutboxMapper.databaseNow Command Type：SELECT
Consume Time：1 ms Mapper ID：org.namewta.notify.mapper.NotifyOutboxMapper.selectClaimable Command Type：SELECT
]]></system-err>
  </testcase>
  <testcase name="authorizedSourceIsPrivateSnapshotWithRealBytesAndStableOwner" classname="org.namewta.test.notify.NotifyMailAttachmentIntegrationTest" time="1.59">
    <system-out><![CDATA[&amp#27;[36m2026-09-24 03:11:21&amp#27;[0;39m &amp#27;[32m[async-2]&amp#27;[0;39m &amp#27;[34mINFO &amp#27;[0;39m &amp#27;[1;35mo.n.s.s.impl.SysLoginInfoServiceImpl
&amp#27;[0;39m - [127.0.0.1]内网IP[WTA][Success][登录成功]
&amp#27;[36m2026-09-24 03:11:21&amp#27;[0;39m &amp#27;[32m[main]&amp#27;[0;39m &amp#27;[34mINFO &amp#27;[0;39m &amp#27;[1;35mo.n.w.l.UserLoginSuccessListener
&amp#27;[0;39m - user doLogin, userId:sys_user:1761100000000000001, token:***UA3XAdh0
&amp#27;[36m2026-09-24 03:11:22&amp#27;[0;39m &amp#27;[32m[main]&amp#27;[0;39m &amp#27;[34mINFO &amp#27;[0;39m &amp#27;[1;35mo.n.n.a.worker.NotifyOutboxWorker
&amp#27;[0;39m - notify outbox drain trigger=POLL claimed=1 batches=2
]]></system-out>
    <system-err><![CDATA[Consume Time：3 ms Mapper ID：org.namewta.system.mapper.SysUserMapper.updateById Command Type：UPDATE
Consume Time：3 ms Mapper ID：org.namewta.system.mapper.SysLoginInfoMapper.insert Command Type：INSERT
Consume Time：0 ms Mapper ID：org.namewta.notify.mapper.NotifyIntentMapper.selectList Command Type：SELECT
Consume Time：1 ms Mapper ID：org.namewta.notify.mapper.NotifyIntentMapper.insert Command Type：INSERT
Consume Time：1 ms Mapper ID：org.namewta.notify.mapper.NotifyIntentAttachmentMapper.insert Command Type：INSERT
Consume Time：1 ms Mapper ID：org.namewta.notify.mapper.NotifyIntentAttachmentMapper.selectList Command Type：SELECT
Consume Time：2 ms Mapper ID：org.namewta.system.mapper.SysUserMapper.selectById Command Type：SELECT
Consume Time：1 ms Mapper ID：org.namewta.system.mapper.SysClientMapper.selectById Command Type：SELECT
Consume Time：1 ms Mapper ID：org.namewta.system.mapper.SysUserTypeMapper.selectById Command Type：SELECT
Consume Time：1 ms Mapper ID：org.namewta.system.mapper.SysUserTypeRelMapper.selectCount Command Type：SELECT
Consume Time：0 ms Mapper ID：org.namewta.system.mapper.SysUserTypeMapper.selectById Command Type：SELECT
Consume Time：0 ms Mapper ID：org.namewta.system.mapper.SysOssConfigMapper.lockAllConfigs Command Type：SELECT
Consume Time：1 ms Mapper ID：org.namewta.system.mapper.SysOssMapper.selectByIdForUpdate Command Type：SELECT
Consume Time：1 ms Mapper ID：org.namewta.system.mapper.SysOssMapper.selectByIdForUpdate Command Type：SELECT
Consume Time：1 ms Mapper ID：org.namewta.system.oss.mapper.SysOssRefMapper.countActiveByOssId Command Type：SELECT
Consume Time：1 ms Mapper ID：org.namewta.system.oss.mapper.SysOssRefMapper.existsActive Command Type：SELECT
Consume Time：0 ms Mapper ID：org.namewta.system.oss.mapper.SysOssRefMapper.restoreReference Command Type：UPDATE
Consume Time：0 ms Mapper ID：org.namewta.system.oss.mapper.SysOssRefMapper.insert Command Type：INSERT
Consume Time：1 ms Mapper ID：org.namewta.notify.mapper.NotifyIntentAttachmentMapper.updateById Command Type：UPDATE
Consume Time：1 ms Mapper ID：org.namewta.notify.mapper.NotifyRecipientMapper.insert Command Type：INSERT
Consume Time：1 ms Mapper ID：org.namewta.notify.mapper.NotifyDeliveryMapper.insert Command Type：INSERT
Consume Time：1 ms Mapper ID：org.namewta.notify.mapper.NotifyOutboxMapper.insert Command Type：INSERT
Consume Time：3 ms Mapper ID：org.namewta.notify.mapper.NotifyIntentMapper.selectById Command Type：SELECT
Consume Time：1 ms Mapper ID：org.namewta.notify.mapper.NotifyDeliveryMapper.selectList Command Type：SELECT
Consume Time：2 ms Mapper ID：org.namewta.notify.mapper.NotifyIntentAttachmentMapper.selectList Command Type：SELECT
Consume Time：0 ms Mapper ID：org.namewta.notify.mapper.NotifyOutboxMapper.databaseNow Command Type：SELECT
Consume Time：1 ms Mapper ID：org.namewta.notify.mapper.NotifyOutboxMapper.selectClaimable Command Type：SELECT
Consume Time：0 ms Mapper ID：org.namewta.notify.mapper.NotifyDeliveryMapper.selectByIds Command Type：SELECT
Consume Time：1 ms Mapper ID：org.namewta.notify.mapper.NotifyOutboxMapper.claim Command Type：UPDATE
Consume Time：1 ms Mapper ID：org.namewta.notify.mapper.NotifyOutboxMapper.selectById Command Type：SELECT
Consume Time：0 ms Mapper ID：org.namewta.notify.mapper.NotifyOutboxMapper.databaseNow Command Type：SELECT
Consume Time：0 ms Mapper ID：org.namewta.notify.mapper.NotifyIntentMapper.selectById Command Type：SELECT
Consume Time：0 ms Mapper ID：org.namewta.notify.mapper.NotifyDeliveryMapper.selectById Command Type：SELECT
Consume Time：1 ms Mapper ID：org.namewta.notify.mapper.NotifyIntentMapper.selectList Command Type：SELECT
Consume Time：1 ms Mapper ID：org.namewta.notify.mapper.NotifyOutboxMapper.selectList Command Type：SELECT
Consume Time：1 ms Mapper ID：org.namewta.notify.mapper.NotifyOutboxMapper.databaseNow Command Type：SELECT
Consume Time：1 ms Mapper ID：org.namewta.notify.mapper.NotifyOutboxMapper.renew Command Type：UPDATE
Consume Time：2 ms Mapper ID：org.namewta.notify.mapper.NotifyIntentMapper.selectList Command Type：SELECT
Consume Time：1 ms Mapper ID：org.namewta.notify.mapper.NotifyOutboxMapper.selectList Command Type：SELECT
Consume Time：2 ms Mapper ID：org.namewta.notify.mapper.NotifyIntentMapper.selectList Command Type：SELECT
Consume Time：2 ms Mapper ID：org.namewta.notify.mapper.NotifyDeliveryMapper.selectList Command Type：SELECT
Consume Time：2 ms Mapper ID：org.namewta.notify.mapper.NotifyOutboxMapper.databaseNow Command Type：SELECT
Consume Time：2 ms Mapper ID：org.namewta.notify.mapper.NotifyOutboxMapper.databaseNow Command Type：SELECT
Consume Time：1 ms Mapper ID：org.namewta.notify.mapper.NotifySceneBindingMapper.selectList Command Type：SELECT
Consume Time：1 ms Mapper ID：org.namewta.notify.mapper.NotifyChannelAccountMapper.selectById Command Type：SELECT
Consume Time：1 ms Mapper ID：org.namewta.notify.mapper.NotifyIntentAttachmentMapper.selectList Command Type：SELECT
Consume Time：1 ms Mapper ID：org.namewta.notify.mapper.NotifyIntentMapper.selectList Command Type：SELECT
Consume Time：2 ms Mapper ID：org.namewta.notify.mapper.NotifyOutboxMapper.selectList Command Type：SELECT
Consume Time：1 ms Mapper ID：org.namewta.notify.mapper.NotifyIntentMapper.selectList Command Type：SELECT
Consume Time：1 ms Mapper ID：org.namewta.notify.mapper.NotifyDeliveryMapper.selectList Command Type：SELECT
Consume Time：0 ms Mapper ID：org.namewta.notify.mapper.NotifyOutboxMapper.databaseNow Command Type：SELECT
Consume Time：0 ms Mapper ID：org.namewta.notify.mapper.NotifyOutboxMapper.databaseNow Command Type：SELECT
Consume Time：1 ms Mapper ID：org.namewta.notify.mapper.NotifyIntentAttachmentMapper.selectList Command Type：SELECT
Consume Time：1 ms Mapper ID：org.namewta.notify.mapper.NotifyIntentMapper.selectList Command Type：SELECT
Consume Time：1 ms Mapper ID：org.namewta.notify.mapper.NotifyIntentAttachmentMapper.selectList Command Type：SELECT
Consume Time：1 ms Mapper ID：org.namewta.system.mapper.SysUserMapper.selectById Command Type：SELECT
Consume Time：1 ms Mapper ID：org.namewta.system.mapper.SysClientMapper.selectById Command Type：SELECT
Consume Time：0 ms Mapper ID：org.namewta.system.mapper.SysUserTypeMapper.selectById Command Type：SELECT
Consume Time：0 ms Mapper ID：org.namewta.system.mapper.SysUserTypeRelMapper.selectCount Command Type：SELECT
Consume Time：1 ms Mapper ID：org.namewta.system.mapper.SysUserTypeMapper.selectById Command Type：SELECT
Consume Time：1 ms Mapper ID：org.namewta.system.mapper.SysOssConfigMapper.lockAllConfigs Command Type：SELECT
Consume Time：1 ms Mapper ID：org.namewta.system.mapper.SysOssMapper.selectByIdForUpdate Command Type：SELECT
Consume Time：2 ms Mapper ID：org.namewta.system.mapper.SysOssMapper.selectById Command Type：SELECT
Consume Time：1 ms Mapper ID：org.namewta.system.oss.mapper.SysOssRefMapper.selectActiveByOssId Command Type：SELECT
Consume Time：1 ms Mapper ID：org.namewta.system.mapper.SysOssMapper.insert Command Type：INSERT
Consume Time：1 ms Mapper ID：org.namewta.system.mapper.SysOssMapper.selectByIdForUpdate Command Type：SELECT
Consume Time：2 ms Mapper ID：org.namewta.system.oss.mapper.SysOssRefMapper.countActiveByOssId Command Type：SELECT
Consume Time：1 ms Mapper ID：org.namewta.system.oss.mapper.SysOssRefMapper.existsActive Command Type：SELECT
Consume Time：1 ms Mapper ID：org.namewta.system.oss.mapper.SysOssRefMapper.restoreReference Command Type：UPDATE
Consume Time：0 ms Mapper ID：org.namewta.system.oss.mapper.SysOssRefMapper.insert Command Type：INSERT
Consume Time：2 ms Mapper ID：org.namewta.notify.mapper.NotifyIntentAttachmentMapper.updateById Command Type：UPDATE
Consume Time：1 ms Mapper ID：org.namewta.system.mapper.SysUserMapper.selectById Command Type：SELECT
Consume Time：0 ms Mapper ID：org.namewta.system.mapper.SysClientMapper.selectById Command Type：SELECT
Consume Time：0 ms Mapper ID：org.namewta.system.mapper.SysUserTypeMapper.selectById Command Type：SELECT
Consume Time：1 ms Mapper ID：org.namewta.system.mapper.SysUserTypeRelMapper.selectCount Command Type：SELECT
Consume Time：1 ms Mapper ID：org.namewta.system.mapper.SysUserTypeMapper.selectById Command Type：SELECT
Consume Time：3 ms Mapper ID：org.namewta.system.mapper.SysOssMapper.selectById Command Type：SELECT
Consume Time：2 ms Mapper ID：org.namewta.system.mapper.SysOssMapper.selectById Command Type：SELECT
Consume Time：2 ms Mapper ID：org.namewta.system.mapper.SysOssMapper.selectById Command Type：SELECT
Consume Time：3 ms Mapper ID：org.namewta.system.oss.mapper.SysOssRefMapper.selectActiveByOssId Command Type：SELECT
Consume Time：1 ms Mapper ID：org.namewta.system.mapper.SysOssMapper.selectById Command Type：SELECT
Consume Time：1 ms Mapper ID：org.namewta.system.oss.mapper.SysOssRefMapper.selectActiveByOssId Command Type：SELECT
Consume Time：0 ms Mapper ID：org.namewta.notify.mapper.NotifyIntentMapper.selectList Command Type：SELECT
Consume Time：0 ms Mapper ID：org.namewta.notify.mapper.NotifyIntentAttachmentMapper.selectList Command Type：SELECT
Consume Time：1 ms Mapper ID：org.namewta.system.mapper.SysOssMapper.selectByIdForUpdate Command Type：SELECT
Consume Time：3 ms Mapper ID：org.namewta.system.mapper.SysOssMapper.updateById Command Type：UPDATE
Consume Time：1 ms Mapper ID：org.namewta.notify.mapper.NotifyIntentAttachmentMapper.updateById Command Type：UPDATE
Consume Time：1 ms Mapper ID：org.namewta.system.mapper.SysOssMapper.selectById Command Type：SELECT
Consume Time：1 ms Mapper ID：org.namewta.system.mapper.SysOssMapper.selectById Command Type：SELECT
Consume Time：1 ms Mapper ID：org.namewta.system.mapper.SysOssMapper.selectById Command Type：SELECT
Consume Time：1 ms Mapper ID：org.namewta.system.oss.mapper.SysOssRefMapper.selectActiveByOssId Command Type：SELECT
Consume Time：2 ms Mapper ID：org.namewta.system.mapper.SysOssMapper.selectById Command Type：SELECT
Consume Time：1 ms Mapper ID：org.namewta.system.oss.mapper.SysOssRefMapper.selectActiveByOssId Command Type：SELECT
Consume Time：1 ms Mapper ID：org.namewta.system.mapper.SysOssConfigMapper.selectList Command Type：SELECT
Consume Time：2 ms Mapper ID：org.namewta.system.mapper.SysUserMapper.selectById Command Type：SELECT
Consume Time：1 ms Mapper ID：org.namewta.system.mapper.SysClientMapper.selectById Command Type：SELECT
Consume Time：0 ms Mapper ID：org.namewta.system.mapper.SysUserTypeMapper.selectById Command Type：SELECT
Consume Time：1 ms Mapper ID：org.namewta.system.mapper.SysUserTypeRelMapper.selectCount Command Type：SELECT
Consume Time：1 ms Mapper ID：org.namewta.system.mapper.SysUserTypeMapper.selectById Command Type：SELECT
Consume Time：1 ms Mapper ID：org.namewta.system.mapper.SysOssMapper.selectById Command Type：SELECT
Consume Time：1 ms Mapper ID：org.namewta.system.mapper.SysOssMapper.selectById Command Type：SELECT
Consume Time：1 ms Mapper ID：org.namewta.system.mapper.SysOssMapper.selectById Command Type：SELECT
Consume Time：1 ms Mapper ID：org.namewta.system.oss.mapper.SysOssRefMapper.selectActiveByOssId Command Type：SELECT
Consume Time：0 ms Mapper ID：org.namewta.system.mapper.SysOssMapper.selectById Command Type：SELECT
Consume Time：0 ms Mapper ID：org.namewta.system.oss.mapper.SysOssRefMapper.selectActiveByOssId Command Type：SELECT
Consume Time：1 ms Mapper ID：org.namewta.system.mapper.SysOssConfigMapper.selectList Command Type：SELECT
Consume Time：1 ms Mapper ID：org.namewta.system.mapper.SysUserMapper.selectById Command Type：SELECT
Consume Time：2 ms Mapper ID：org.namewta.system.mapper.SysClientMapper.selectById Command Type：SELECT
Consume Time：1 ms Mapper ID：org.namewta.system.mapper.SysUserTypeMapper.selectById Command Type：SELECT
Consume Time：1 ms Mapper ID：org.namewta.system.mapper.SysUserTypeRelMapper.selectCount Command Type：SELECT
Consume Time：2 ms Mapper ID：org.namewta.system.mapper.SysUserTypeMapper.selectById Command Type：SELECT
Consume Time：1 ms Mapper ID：org.namewta.notify.mapper.NotifyChannelAccountMapper.selectList Command Type：SELECT
Consume Time：1 ms Mapper ID：org.namewta.notify.mapper.NotifyIntentMapper.selectList Command Type：SELECT
Consume Time：2 ms Mapper ID：org.namewta.notify.mapper.NotifyOutboxMapper.selectList Command Type：SELECT
Consume Time：2 ms Mapper ID：org.namewta.notify.mapper.NotifyIntentMapper.selectList Command Type：SELECT
Consume Time：2 ms Mapper ID：org.namewta.notify.mapper.NotifyDeliveryMapper.selectList Command Type：SELECT
Consume Time：0 ms Mapper ID：org.namewta.notify.mapper.NotifyOutboxMapper.databaseNow Command Type：SELECT
Consume Time：1 ms Mapper ID：org.namewta.notify.mapper.NotifyOutboxMapper.databaseNow Command Type：SELECT
Consume Time：2 ms Mapper ID：org.namewta.notify.mapper.NotifyIntentAttachmentMapper.selectList Command Type：SELECT
Consume Time：1 ms Mapper ID：org.namewta.notify.mapper.NotifyIntentAttachmentMapper.updateById Command Type：UPDATE
Consume Time：2 ms Mapper ID：org.namewta.notify.mapper.NotifyIntentMapper.selectList Command Type：SELECT
Consume Time：4 ms Mapper ID：org.namewta.notify.mapper.NotifyOutboxMapper.selectList Command Type：SELECT
Consume Time：2 ms Mapper ID：org.namewta.notify.mapper.NotifyDeliveryMapper.selectList Command Type：SELECT
Consume Time：1 ms Mapper ID：org.namewta.notify.mapper.NotifyOutboxMapper.databaseNow Command Type：SELECT
Consume Time：0 ms Mapper ID：org.namewta.notify.mapper.NotifyOutboxMapper.databaseNow Command Type：SELECT
Consume Time：1 ms Mapper ID：org.namewta.notify.mapper.NotifyDeliveryMapper.update Command Type：UPDATE
Consume Time：1 ms Mapper ID：org.namewta.notify.mapper.NotifyAttemptMapper.insert Command Type：INSERT
Consume Time：0 ms Mapper ID：org.namewta.notify.mapper.NotifyOutboxMapper.finish Command Type：UPDATE
Consume Time：1 ms Mapper ID：org.namewta.notify.mapper.NotifyIntentMapper.selectList Command Type：SELECT
Consume Time：0 ms Mapper ID：org.namewta.notify.mapper.NotifyDeliveryMapper.selectList Command Type：SELECT
Consume Time：1 ms Mapper ID：org.namewta.notify.mapper.NotifyIntentMapper.updateById Command Type：UPDATE
Consume Time：0 ms Mapper ID：org.namewta.notify.mapper.NotifyOutboxMapper.databaseNow Command Type：SELECT
Consume Time：0 ms Mapper ID：org.namewta.notify.mapper.NotifyOutboxMapper.selectClaimable Command Type：SELECT
Consume Time：1 ms Mapper ID：org.namewta.notify.mapper.NotifyIntentAttachmentMapper.selectList Command Type：SELECT
]]></system-err>
  </testcase>
  <testcase name="duplicateKeepsOneIntentAndRejectsChangedAttachmentSet" classname="org.namewta.test.notify.NotifyMailAttachmentIntegrationTest" time="0.513">
    <system-out><![CDATA[&amp#27;[36m2026-09-24 03:11:22&amp#27;[0;39m &amp#27;[32m[async-3]&amp#27;[0;39m &amp#27;[34mINFO &amp#27;[0;39m &amp#27;[1;35mo.n.s.s.impl.SysLoginInfoServiceImpl
&amp#27;[0;39m - [127.0.0.1]内网IP[WTA][Success][登录成功]
&amp#27;[36m2026-09-24 03:11:22&amp#27;[0;39m &amp#27;[32m[main]&amp#27;[0;39m &amp#27;[34mINFO &amp#27;[0;39m &amp#27;[1;35mo.n.w.l.UserLoginSuccessListener
&amp#27;[0;39m - user doLogin, userId:sys_user:1761100000000000001, token:***6htxZ72M
&amp#27;[36m2026-09-24 03:11:22&amp#27;[0;39m &amp#27;[32m[async-4]&amp#27;[0;39m &amp#27;[34mINFO &amp#27;[0;39m &amp#27;[1;35mo.n.s.s.impl.SysLoginInfoServiceImpl
&amp#27;[0;39m - [127.0.0.1]内网IP[WTA][Success][登录成功]
&amp#27;[36m2026-09-24 03:11:22&amp#27;[0;39m &amp#27;[32m[main]&amp#27;[0;39m &amp#27;[34mINFO &amp#27;[0;39m &amp#27;[1;35mo.n.w.l.UserLoginSuccessListener
&amp#27;[0;39m - user doLogin, userId:sys_user:1761100000000000001, token:***B0VrZ4DA
&amp#27;[36m2026-09-24 03:11:23&amp#27;[0;39m &amp#27;[32m[async-5]&amp#27;[0;39m &amp#27;[34mINFO &amp#27;[0;39m &amp#27;[1;35mo.n.s.s.impl.SysLoginInfoServiceImpl
&amp#27;[0;39m - [127.0.0.1]内网IP[WTA][Success][登录成功]
&amp#27;[36m2026-09-24 03:11:23&amp#27;[0;39m &amp#27;[32m[main]&amp#27;[0;39m &amp#27;[34mINFO &amp#27;[0;39m &amp#27;[1;35mo.n.w.l.UserLoginSuccessListener
&amp#27;[0;39m - user doLogin, userId:sys_user:1761100000000000001, token:***1-oURVY4
]]></system-out>
    <system-err><![CDATA[Consume Time：2 ms Mapper ID：org.namewta.system.mapper.SysUserMapper.updateById Command Type：UPDATE
Consume Time：3 ms Mapper ID：org.namewta.system.mapper.SysLoginInfoMapper.insert Command Type：INSERT
Consume Time：0 ms Mapper ID：org.namewta.notify.mapper.NotifyIntentMapper.selectList Command Type：SELECT
Consume Time：1 ms Mapper ID：org.namewta.notify.mapper.NotifyIntentMapper.insert Command Type：INSERT
Consume Time：1 ms Mapper ID：org.namewta.notify.mapper.NotifyIntentAttachmentMapper.insert Command Type：INSERT
Consume Time：1 ms Mapper ID：org.namewta.notify.mapper.NotifyIntentAttachmentMapper.insert Command Type：INSERT
Consume Time：1 ms Mapper ID：org.namewta.notify.mapper.NotifyIntentAttachmentMapper.selectList Command Type：SELECT
Consume Time：1 ms Mapper ID：org.namewta.system.mapper.SysUserMapper.selectById Command Type：SELECT
Consume Time：1 ms Mapper ID：org.namewta.system.mapper.SysClientMapper.selectById Command Type：SELECT
Consume Time：0 ms Mapper ID：org.namewta.system.mapper.SysUserTypeMapper.selectById Command Type：SELECT
Consume Time：0 ms Mapper ID：org.namewta.system.mapper.SysUserTypeRelMapper.selectCount Command Type：SELECT
Consume Time：0 ms Mapper ID：org.namewta.system.mapper.SysUserTypeMapper.selectById Command Type：SELECT
Consume Time：1 ms Mapper ID：org.namewta.system.mapper.SysOssConfigMapper.lockAllConfigs Command Type：SELECT
Consume Time：0 ms Mapper ID：org.namewta.system.mapper.SysOssMapper.selectByIdForUpdate Command Type：SELECT
Consume Time：1 ms Mapper ID：org.namewta.system.mapper.SysOssMapper.selectByIdForUpdate Command Type：SELECT
Consume Time：1 ms Mapper ID：org.namewta.system.oss.mapper.SysOssRefMapper.countActiveByOssId Command Type：SELECT
Consume Time：1 ms Mapper ID：org.namewta.system.oss.mapper.SysOssRefMapper.existsActive Command Type：SELECT
Consume Time：1 ms Mapper ID：org.namewta.system.oss.mapper.SysOssRefMapper.restoreReference Command Type：UPDATE
Consume Time：0 ms Mapper ID：org.namewta.system.oss.mapper.SysOssRefMapper.insert Command Type：INSERT
Consume Time：0 ms Mapper ID：org.namewta.notify.mapper.NotifyIntentAttachmentMapper.updateById Command Type：UPDATE
Consume Time：0 ms Mapper ID：org.namewta.system.mapper.SysUserMapper.selectById Command Type：SELECT
Consume Time：1 ms Mapper ID：org.namewta.system.mapper.SysClientMapper.selectById Command Type：SELECT
Consume Time：1 ms Mapper ID：org.namewta.system.mapper.SysUserTypeMapper.selectById Command Type：SELECT
Consume Time：0 ms Mapper ID：org.namewta.system.mapper.SysUserTypeRelMapper.selectCount Command Type：SELECT
Consume Time：1 ms Mapper ID：org.namewta.system.mapper.SysUserTypeMapper.selectById Command Type：SELECT
Consume Time：1 ms Mapper ID：org.namewta.system.mapper.SysOssConfigMapper.lockAllConfigs Command Type：SELECT
Consume Time：0 ms Mapper ID：org.namewta.system.mapper.SysOssMapper.selectByIdForUpdate Command Type：SELECT
Consume Time：0 ms Mapper ID：org.namewta.system.mapper.SysOssMapper.selectByIdForUpdate Command Type：SELECT
Consume Time：0 ms Mapper ID：org.namewta.system.oss.mapper.SysOssRefMapper.countActiveByOssId Command Type：SELECT
Consume Time：0 ms Mapper ID：org.namewta.system.oss.mapper.SysOssRefMapper.existsActive Command Type：SELECT
Consume Time：0 ms Mapper ID：org.namewta.system.oss.mapper.SysOssRefMapper.restoreReference Command Type：UPDATE
Consume Time：1 ms Mapper ID：org.namewta.system.oss.mapper.SysOssRefMapper.insert Command Type：INSERT
Consume Time：1 ms Mapper ID：org.namewta.notify.mapper.NotifyIntentAttachmentMapper.updateById Command Type：UPDATE
Consume Time：1 ms Mapper ID：org.namewta.notify.mapper.NotifyRecipientMapper.insert Command Type：INSERT
Consume Time：1 ms Mapper ID：org.namewta.notify.mapper.NotifyDeliveryMapper.insert Command Type：INSERT
Consume Time：0 ms Mapper ID：org.namewta.notify.mapper.NotifyOutboxMapper.insert Command Type：INSERT
Consume Time：1 ms Mapper ID：org.namewta.notify.mapper.NotifyIntentMapper.selectById Command Type：SELECT
Consume Time：1 ms Mapper ID：org.namewta.notify.mapper.NotifyDeliveryMapper.selectList Command Type：SELECT
Consume Time：1 ms Mapper ID：org.namewta.notify.mapper.NotifyIntentAttachmentMapper.selectList Command Type：SELECT
Consume Time：1 ms Mapper ID：org.namewta.system.mapper.SysUserMapper.updateById Command Type：UPDATE
Consume Time：2 ms Mapper ID：org.namewta.system.mapper.SysLoginInfoMapper.insert Command Type：INSERT
Consume Time：1 ms Mapper ID：org.namewta.notify.mapper.NotifyIntentMapper.selectList Command Type：SELECT
Consume Time：1 ms Mapper ID：org.namewta.notify.mapper.NotifyIntentAttachmentMapper.selectList Command Type：SELECT
Consume Time：2 ms Mapper ID：org.namewta.notify.mapper.NotifyDeliveryMapper.selectList Command Type：SELECT
Consume Time：1 ms Mapper ID：org.namewta.system.mapper.SysUserMapper.updateById Command Type：UPDATE
Consume Time：3 ms Mapper ID：org.namewta.system.mapper.SysLoginInfoMapper.insert Command Type：INSERT
Consume Time：2 ms Mapper ID：org.namewta.notify.mapper.NotifyIntentMapper.selectList Command Type：SELECT
Consume Time：1 ms Mapper ID：org.namewta.notify.mapper.NotifyIntentAttachmentMapper.selectList Command Type：SELECT
]]></system-err>
  </testcase>
  <testcase name="invalidOwnerAndQueuedSourceRevocationNeverReachSmtp" classname="org.namewta.test.notify.NotifyMailAttachmentIntegrationTest" time="0.837">
    <system-out><![CDATA[&amp#27;[36m2026-09-24 03:11:23&amp#27;[0;39m &amp#27;[32m[async-6]&amp#27;[0;39m &amp#27;[34mINFO &amp#27;[0;39m &amp#27;[1;35mo.n.s.s.impl.SysLoginInfoServiceImpl
&amp#27;[0;39m - [127.0.0.1]内网IP[WTA][Success][登录成功]
&amp#27;[36m2026-09-24 03:11:23&amp#27;[0;39m &amp#27;[32m[main]&amp#27;[0;39m &amp#27;[34mINFO &amp#27;[0;39m &amp#27;[1;35mo.n.w.l.UserLoginSuccessListener
&amp#27;[0;39m - user doLogin, userId:sys_user:1761100000000000001, token:***C5AqyWuY
&amp#27;[36m2026-09-24 03:11:23&amp#27;[0;39m &amp#27;[32m[async-7]&amp#27;[0;39m &amp#27;[34mINFO &amp#27;[0;39m &amp#27;[1;35mo.n.s.s.impl.SysLoginInfoServiceImpl
&amp#27;[0;39m - [127.0.0.1]内网IP[WTA][Success][登录成功]
&amp#27;[36m2026-09-24 03:11:23&amp#27;[0;39m &amp#27;[32m[main]&amp#27;[0;39m &amp#27;[34mINFO &amp#27;[0;39m &amp#27;[1;35mo.n.w.l.UserLoginSuccessListener
&amp#27;[0;39m - user doLogin, userId:sys_user:1761100000000000001, token:***Nt4WDuJI
&amp#27;[36m2026-09-24 03:11:23&amp#27;[0;39m &amp#27;[32m[async-8]&amp#27;[0;39m &amp#27;[34mINFO &amp#27;[0;39m &amp#27;[1;35mo.n.s.s.impl.SysLoginInfoServiceImpl
&amp#27;[0;39m - [127.0.0.1]内网IP[WTA][Success][登录成功]
&amp#27;[36m2026-09-24 03:11:23&amp#27;[0;39m &amp#27;[32m[main]&amp#27;[0;39m &amp#27;[34mINFO &amp#27;[0;39m &amp#27;[1;35mo.n.w.l.UserLoginSuccessListener
&amp#27;[0;39m - user doLogin, userId:sys_user:1761100000000000001, token:***Z0vk5pgA
&amp#27;[36m2026-09-24 03:11:23&amp#27;[0;39m &amp#27;[32m[main]&amp#27;[0;39m &amp#27;[34mINFO &amp#27;[0;39m &amp#27;[1;35mo.n.n.a.worker.NotifyOutboxWorker
&amp#27;[0;39m - notify outbox drain trigger=POLL claimed=1 batches=2
&amp#27;[36m2026-09-24 03:11:23&amp#27;[0;39m &amp#27;[32m[async-1]&amp#27;[0;39m &amp#27;[34mINFO &amp#27;[0;39m &amp#27;[1;35mo.n.s.s.impl.SysLoginInfoServiceImpl
&amp#27;[0;39m - [127.0.0.1]内网IP[WTA][Success][登录成功]
&amp#27;[36m2026-09-24 03:11:23&amp#27;[0;39m &amp#27;[32m[main]&amp#27;[0;39m &amp#27;[34mINFO &amp#27;[0;39m &amp#27;[1;35mo.n.w.l.UserLoginSuccessListener
&amp#27;[0;39m - user doLogin, userId:sys_user:1761100000000000001, token:***BaPqkyE8
&amp#27;[36m2026-09-24 03:11:23&amp#27;[0;39m &amp#27;[32m[main]&amp#27;[0;39m &amp#27;[34mINFO &amp#27;[0;39m &amp#27;[1;35mo.n.n.a.worker.NotifyOutboxWorker
&amp#27;[0;39m - notify outbox drain trigger=POLL claimed=1 batches=2
]]></system-out>
    <system-err><![CDATA[Consume Time：1 ms Mapper ID：org.namewta.system.mapper.SysUserMapper.updateById Command Type：UPDATE
Consume Time：2 ms Mapper ID：org.namewta.system.mapper.SysLoginInfoMapper.insert Command Type：INSERT
Consume Time：0 ms Mapper ID：org.namewta.notify.mapper.NotifyIntentMapper.selectList Command Type：SELECT
Consume Time：1 ms Mapper ID：org.namewta.notify.mapper.NotifyIntentMapper.insert Command Type：INSERT
Consume Time：1 ms Mapper ID：org.namewta.notify.mapper.NotifyIntentAttachmentMapper.insert Command Type：INSERT
Consume Time：0 ms Mapper ID：org.namewta.notify.mapper.NotifyIntentAttachmentMapper.selectList Command Type：SELECT
Consume Time：0 ms Mapper ID：org.namewta.system.mapper.SysUserMapper.selectById Command Type：SELECT
Consume Time：0 ms Mapper ID：org.namewta.system.mapper.SysClientMapper.selectById Command Type：SELECT
Consume Time：0 ms Mapper ID：org.namewta.system.mapper.SysUserTypeMapper.selectById Command Type：SELECT
Consume Time：1 ms Mapper ID：org.namewta.system.mapper.SysUserTypeRelMapper.selectCount Command Type：SELECT
Consume Time：1 ms Mapper ID：org.namewta.system.mapper.SysUserTypeMapper.selectById Command Type：SELECT
Consume Time：0 ms Mapper ID：org.namewta.system.mapper.SysOssConfigMapper.lockAllConfigs Command Type：SELECT
Consume Time：2 ms Mapper ID：org.namewta.system.mapper.SysOssMapper.selectByIdForUpdate Command Type：SELECT
Consume Time：1 ms Mapper ID：org.namewta.system.mapper.SysUserMapper.updateById Command Type：UPDATE
Consume Time：3 ms Mapper ID：org.namewta.system.mapper.SysLoginInfoMapper.insert Command Type：INSERT
Consume Time：0 ms Mapper ID：org.namewta.notify.mapper.NotifyIntentMapper.selectList Command Type：SELECT
Consume Time：1 ms Mapper ID：org.namewta.notify.mapper.NotifyIntentMapper.insert Command Type：INSERT
Consume Time：0 ms Mapper ID：org.namewta.notify.mapper.NotifyIntentAttachmentMapper.insert Command Type：INSERT
Consume Time：0 ms Mapper ID：org.namewta.notify.mapper.NotifyIntentAttachmentMapper.selectList Command Type：SELECT
Consume Time：0 ms Mapper ID：org.namewta.system.mapper.SysUserMapper.selectById Command Type：SELECT
Consume Time：0 ms Mapper ID：org.namewta.system.mapper.SysClientMapper.selectById Command Type：SELECT
Consume Time：0 ms Mapper ID：org.namewta.system.mapper.SysUserTypeMapper.selectById Command Type：SELECT
Consume Time：0 ms Mapper ID：org.namewta.system.mapper.SysUserTypeRelMapper.selectCount Command Type：SELECT
Consume Time：0 ms Mapper ID：org.namewta.system.mapper.SysUserTypeMapper.selectById Command Type：SELECT
Consume Time：0 ms Mapper ID：org.namewta.system.mapper.SysOssConfigMapper.lockAllConfigs Command Type：SELECT
Consume Time：0 ms Mapper ID：org.namewta.system.mapper.SysOssMapper.selectByIdForUpdate Command Type：SELECT
Consume Time：3 ms Mapper ID：org.namewta.system.mapper.SysUserMapper.updateById Command Type：UPDATE
Consume Time：4 ms Mapper ID：org.namewta.system.mapper.SysLoginInfoMapper.insert Command Type：INSERT
Consume Time：0 ms Mapper ID：org.namewta.notify.mapper.NotifyIntentMapper.selectList Command Type：SELECT
Consume Time：1 ms Mapper ID：org.namewta.notify.mapper.NotifyIntentMapper.insert Command Type：INSERT
Consume Time：0 ms Mapper ID：org.namewta.notify.mapper.NotifyIntentAttachmentMapper.insert Command Type：INSERT
Consume Time：0 ms Mapper ID：org.namewta.notify.mapper.NotifyIntentAttachmentMapper.selectList Command Type：SELECT
Consume Time：0 ms Mapper ID：org.namewta.system.mapper.SysUserMapper.selectById Command Type：SELECT
Consume Time：1 ms Mapper ID：org.namewta.system.mapper.SysClientMapper.selectById Command Type：SELECT
Consume Time：1 ms Mapper ID：org.namewta.system.mapper.SysUserTypeMapper.selectById Command Type：SELECT
Consume Time：1 ms Mapper ID：org.namewta.system.mapper.SysUserTypeRelMapper.selectCount Command Type：SELECT
Consume Time：2 ms Mapper ID：org.namewta.system.mapper.SysUserTypeMapper.selectById Command Type：SELECT
Consume Time：0 ms Mapper ID：org.namewta.system.mapper.SysOssConfigMapper.lockAllConfigs Command Type：SELECT
Consume Time：0 ms Mapper ID：org.namewta.system.mapper.SysOssMapper.selectByIdForUpdate Command Type：SELECT
Consume Time：0 ms Mapper ID：org.namewta.system.mapper.SysOssMapper.selectByIdForUpdate Command Type：SELECT
Consume Time：0 ms Mapper ID：org.namewta.system.oss.mapper.SysOssRefMapper.countActiveByOssId Command Type：SELECT
Consume Time：0 ms Mapper ID：org.namewta.system.oss.mapper.SysOssRefMapper.existsActive Command Type：SELECT
Consume Time：1 ms Mapper ID：org.namewta.system.oss.mapper.SysOssRefMapper.restoreReference Command Type：UPDATE
Consume Time：0 ms Mapper ID：org.namewta.system.oss.mapper.SysOssRefMapper.insert Command Type：INSERT
Consume Time：0 ms Mapper ID：org.namewta.notify.mapper.NotifyIntentAttachmentMapper.updateById Command Type：UPDATE
Consume Time：0 ms Mapper ID：org.namewta.notify.mapper.NotifyRecipientMapper.insert Command Type：INSERT
Consume Time：0 ms Mapper ID：org.namewta.notify.mapper.NotifyDeliveryMapper.insert Command Type：INSERT
Consume Time：0 ms Mapper ID：org.namewta.notify.mapper.NotifyOutboxMapper.insert Command Type：INSERT
Consume Time：0 ms Mapper ID：org.namewta.notify.mapper.NotifyIntentMapper.selectById Command Type：SELECT
Consume Time：0 ms Mapper ID：org.namewta.notify.mapper.NotifyDeliveryMapper.selectList Command Type：SELECT
Consume Time：0 ms Mapper ID：org.namewta.notify.mapper.NotifyOutboxMapper.databaseNow Command Type：SELECT
Consume Time：2 ms Mapper ID：org.namewta.notify.mapper.NotifyOutboxMapper.selectClaimable Command Type：SELECT
Consume Time：0 ms Mapper ID：org.namewta.notify.mapper.NotifyDeliveryMapper.selectByIds Command Type：SELECT
Consume Time：1 ms Mapper ID：org.namewta.notify.mapper.NotifyOutboxMapper.claim Command Type：UPDATE
Consume Time：1 ms Mapper ID：org.namewta.notify.mapper.NotifyOutboxMapper.selectById Command Type：SELECT
Consume Time：0 ms Mapper ID：org.namewta.notify.mapper.NotifyOutboxMapper.databaseNow Command Type：SELECT
Consume Time：1 ms Mapper ID：org.namewta.notify.mapper.NotifyIntentMapper.selectById Command Type：SELECT
Consume Time：0 ms Mapper ID：org.namewta.notify.mapper.NotifyDeliveryMapper.selectById Command Type：SELECT
Consume Time：0 ms Mapper ID：org.namewta.notify.mapper.NotifyIntentMapper.selectList Command Type：SELECT
Consume Time：0 ms Mapper ID：org.namewta.notify.mapper.NotifyOutboxMapper.selectList Command Type：SELECT
Consume Time：0 ms Mapper ID：org.namewta.notify.mapper.NotifyOutboxMapper.databaseNow Command Type：SELECT
Consume Time：0 ms Mapper ID：org.namewta.notify.mapper.NotifyOutboxMapper.renew Command Type：UPDATE
Consume Time：0 ms Mapper ID：org.namewta.notify.mapper.NotifyIntentMapper.selectList Command Type：SELECT
Consume Time：0 ms Mapper ID：org.namewta.notify.mapper.NotifyOutboxMapper.selectList Command Type：SELECT
Consume Time：0 ms Mapper ID：org.namewta.notify.mapper.NotifyIntentMapper.selectList Command Type：SELECT
Consume Time：1 ms Mapper ID：org.namewta.notify.mapper.NotifyDeliveryMapper.selectList Command Type：SELECT
Consume Time：0 ms Mapper ID：org.namewta.notify.mapper.NotifyOutboxMapper.databaseNow Command Type：SELECT
Consume Time：0 ms Mapper ID：org.namewta.notify.mapper.NotifyOutboxMapper.databaseNow Command Type：SELECT
Consume Time：0 ms Mapper ID：org.namewta.notify.mapper.NotifySceneBindingMapper.selectList Command Type：SELECT
Consume Time：0 ms Mapper ID：org.namewta.notify.mapper.NotifyChannelAccountMapper.selectById Command Type：SELECT
Consume Time：1 ms Mapper ID：org.namewta.notify.mapper.NotifyIntentAttachmentMapper.selectList Command Type：SELECT
Consume Time：1 ms Mapper ID：org.namewta.notify.mapper.NotifyIntentMapper.selectList Command Type：SELECT
Consume Time：1 ms Mapper ID：org.namewta.notify.mapper.NotifyOutboxMapper.selectList Command Type：SELECT
Consume Time：0 ms Mapper ID：org.namewta.notify.mapper.NotifyIntentMapper.selectList Command Type：SELECT
Consume Time：0 ms Mapper ID：org.namewta.notify.mapper.NotifyDeliveryMapper.selectList Command Type：SELECT
Consume Time：0 ms Mapper ID：org.namewta.notify.mapper.NotifyOutboxMapper.databaseNow Command Type：SELECT
Consume Time：0 ms Mapper ID：org.namewta.notify.mapper.NotifyOutboxMapper.databaseNow Command Type：SELECT
Consume Time：1 ms Mapper ID：org.namewta.notify.mapper.NotifyIntentAttachmentMapper.selectList Command Type：SELECT
Consume Time：0 ms Mapper ID：org.namewta.notify.mapper.NotifyIntentMapper.selectList Command Type：SELECT
Consume Time：0 ms Mapper ID：org.namewta.notify.mapper.NotifyIntentAttachmentMapper.selectList Command Type：SELECT
Consume Time：0 ms Mapper ID：org.namewta.system.mapper.SysUserMapper.selectById Command Type：SELECT
Consume Time：0 ms Mapper ID：org.namewta.system.mapper.SysClientMapper.selectById Command Type：SELECT
Consume Time：3 ms Mapper ID：org.namewta.system.mapper.SysUserTypeMapper.selectById Command Type：SELECT
Consume Time：0 ms Mapper ID：org.namewta.system.mapper.SysUserTypeRelMapper.selectCount Command Type：SELECT
Consume Time：0 ms Mapper ID：org.namewta.system.mapper.SysUserTypeMapper.selectById Command Type：SELECT
Consume Time：0 ms Mapper ID：org.namewta.system.mapper.SysOssConfigMapper.lockAllConfigs Command Type：SELECT
Consume Time：0 ms Mapper ID：org.namewta.system.mapper.SysOssMapper.selectByIdForUpdate Command Type：SELECT
Consume Time：0 ms Mapper ID：org.namewta.notify.mapper.NotifyIntentMapper.selectList Command Type：SELECT
Consume Time：0 ms Mapper ID：org.namewta.notify.mapper.NotifyOutboxMapper.selectList Command Type：SELECT
Consume Time：0 ms Mapper ID：org.namewta.notify.mapper.NotifyDeliveryMapper.selectList Command Type：SELECT
Consume Time：0 ms Mapper ID：org.namewta.notify.mapper.NotifyOutboxMapper.databaseNow Command Type：SELECT
Consume Time：1 ms Mapper ID：org.namewta.notify.mapper.NotifyDeliveryMapper.update Command Type：UPDATE
Consume Time：1 ms Mapper ID：org.namewta.notify.mapper.NotifyAttemptMapper.insert Command Type：INSERT
Consume Time：0 ms Mapper ID：org.namewta.notify.mapper.NotifyOutboxMapper.finish Command Type：UPDATE
Consume Time：0 ms Mapper ID：org.namewta.notify.mapper.NotifyIntentMapper.selectList Command Type：SELECT
Consume Time：0 ms Mapper ID：org.namewta.notify.mapper.NotifyDeliveryMapper.selectList Command Type：SELECT
Consume Time：0 ms Mapper ID：org.namewta.notify.mapper.NotifyIntentMapper.updateById Command Type：UPDATE
Consume Time：0 ms Mapper ID：org.namewta.notify.mapper.NotifyOutboxMapper.databaseNow Command Type：SELECT
Consume Time：0 ms Mapper ID：org.namewta.notify.mapper.NotifyOutboxMapper.selectClaimable Command Type：SELECT
Consume Time：0 ms Mapper ID：org.namewta.notify.mapper.NotifyIntentAttachmentMapper.selectList Command Type：SELECT
Consume Time：2 ms Mapper ID：org.namewta.system.mapper.SysUserMapper.updateById Command Type：UPDATE
Consume Time：2 ms Mapper ID：org.namewta.system.mapper.SysLoginInfoMapper.insert Command Type：INSERT
Consume Time：0 ms Mapper ID：org.namewta.notify.mapper.NotifyIntentMapper.selectList Command Type：SELECT
Consume Time：0 ms Mapper ID：org.namewta.notify.mapper.NotifyIntentMapper.insert Command Type：INSERT
Consume Time：1 ms Mapper ID：org.namewta.notify.mapper.NotifyIntentAttachmentMapper.insert Command Type：INSERT
Consume Time：0 ms Mapper ID：org.namewta.notify.mapper.NotifyIntentAttachmentMapper.selectList Command Type：SELECT
Consume Time：0 ms Mapper ID：org.namewta.system.mapper.SysUserMapper.selectById Command Type：SELECT
Consume Time：0 ms Mapper ID：org.namewta.system.mapper.SysClientMapper.selectById Command Type：SELECT
Consume Time：0 ms Mapper ID：org.namewta.system.mapper.SysUserTypeMapper.selectById Command Type：SELECT
Consume Time：1 ms Mapper ID：org.namewta.system.mapper.SysUserTypeRelMapper.selectCount Command Type：SELECT
Consume Time：0 ms Mapper ID：org.namewta.system.mapper.SysUserTypeMapper.selectById Command Type：SELECT
Consume Time：1 ms Mapper ID：org.namewta.system.mapper.SysOssConfigMapper.lockAllConfigs Command Type：SELECT
Consume Time：0 ms Mapper ID：org.namewta.system.mapper.SysOssMapper.selectByIdForUpdate Command Type：SELECT
Consume Time：1 ms Mapper ID：org.namewta.system.mapper.SysOssMapper.selectByIdForUpdate Command Type：SELECT
Consume Time：1 ms Mapper ID：org.namewta.system.oss.mapper.SysOssRefMapper.countActiveByOssId Command Type：SELECT
Consume Time：0 ms Mapper ID：org.namewta.system.oss.mapper.SysOssRefMapper.existsActive Command Type：SELECT
Consume Time：1 ms Mapper ID：org.namewta.system.oss.mapper.SysOssRefMapper.restoreReference Command Type：UPDATE
Consume Time：3 ms Mapper ID：org.namewta.system.oss.mapper.SysOssRefMapper.insert Command Type：INSERT
Consume Time：1 ms Mapper ID：org.namewta.notify.mapper.NotifyIntentAttachmentMapper.updateById Command Type：UPDATE
Consume Time：0 ms Mapper ID：org.namewta.notify.mapper.NotifyRecipientMapper.insert Command Type：INSERT
Consume Time：0 ms Mapper ID：org.namewta.notify.mapper.NotifyDeliveryMapper.insert Command Type：INSERT
Consume Time：1 ms Mapper ID：org.namewta.notify.mapper.NotifyOutboxMapper.insert Command Type：INSERT
Consume Time：0 ms Mapper ID：org.namewta.notify.mapper.NotifyIntentMapper.selectById Command Type：SELECT
Consume Time：0 ms Mapper ID：org.namewta.notify.mapper.NotifyDeliveryMapper.selectList Command Type：SELECT
Consume Time：0 ms Mapper ID：org.namewta.notify.mapper.NotifyOutboxMapper.databaseNow Command Type：SELECT
Consume Time：0 ms Mapper ID：org.namewta.notify.mapper.NotifyOutboxMapper.selectClaimable Command Type：SELECT
Consume Time：0 ms Mapper ID：org.namewta.notify.mapper.NotifyDeliveryMapper.selectByIds Command Type：SELECT
Consume Time：0 ms Mapper ID：org.namewta.notify.mapper.NotifyOutboxMapper.claim Command Type：UPDATE
Consume Time：0 ms Mapper ID：org.namewta.notify.mapper.NotifyOutboxMapper.selectById Command Type：SELECT
Consume Time：0 ms Mapper ID：org.namewta.notify.mapper.NotifyOutboxMapper.databaseNow Command Type：SELECT
Consume Time：0 ms Mapper ID：org.namewta.notify.mapper.NotifyIntentMapper.selectById Command Type：SELECT
Consume Time：0 ms Mapper ID：org.namewta.notify.mapper.NotifyDeliveryMapper.selectById Command Type：SELECT
Consume Time：1 ms Mapper ID：org.namewta.notify.mapper.NotifyIntentMapper.selectList Command Type：SELECT
Consume Time：1 ms Mapper ID：org.namewta.notify.mapper.NotifyOutboxMapper.selectList Command Type：SELECT
Consume Time：1 ms Mapper ID：org.namewta.notify.mapper.NotifyOutboxMapper.databaseNow Command Type：SELECT
Consume Time：1 ms Mapper ID：org.namewta.notify.mapper.NotifyOutboxMapper.renew Command Type：UPDATE
Consume Time：1 ms Mapper ID：org.namewta.notify.mapper.NotifyIntentMapper.selectList Command Type：SELECT
Consume Time：1 ms Mapper ID：org.namewta.notify.mapper.NotifyOutboxMapper.selectList Command Type：SELECT
Consume Time：2 ms Mapper ID：org.namewta.notify.mapper.NotifyIntentMapper.selectList Command Type：SELECT
Consume Time：1 ms Mapper ID：org.namewta.notify.mapper.NotifyDeliveryMapper.selectList Command Type：SELECT
Consume Time：0 ms Mapper ID：org.namewta.notify.mapper.NotifyOutboxMapper.databaseNow Command Type：SELECT
Consume Time：0 ms Mapper ID：org.namewta.notify.mapper.NotifyOutboxMapper.databaseNow Command Type：SELECT
Consume Time：0 ms Mapper ID：org.namewta.notify.mapper.NotifySceneBindingMapper.selectList Command Type：SELECT
Consume Time：0 ms Mapper ID：org.namewta.notify.mapper.NotifyChannelAccountMapper.selectById Command Type：SELECT
Consume Time：0 ms Mapper ID：org.namewta.notify.mapper.NotifyIntentAttachmentMapper.selectList Command Type：SELECT
Consume Time：0 ms Mapper ID：org.namewta.notify.mapper.NotifyIntentMapper.selectList Command Type：SELECT
Consume Time：1 ms Mapper ID：org.namewta.notify.mapper.NotifyOutboxMapper.selectList Command Type：SELECT
Consume Time：0 ms Mapper ID：org.namewta.notify.mapper.NotifyIntentMapper.selectList Command Type：SELECT
Consume Time：0 ms Mapper ID：org.namewta.notify.mapper.NotifyDeliveryMapper.selectList Command Type：SELECT
Consume Time：0 ms Mapper ID：org.namewta.notify.mapper.NotifyOutboxMapper.databaseNow Command Type：SELECT
Consume Time：0 ms Mapper ID：org.namewta.notify.mapper.NotifyOutboxMapper.databaseNow Command Type：SELECT
Consume Time：1 ms Mapper ID：org.namewta.notify.mapper.NotifyIntentAttachmentMapper.selectList Command Type：SELECT
Consume Time：0 ms Mapper ID：org.namewta.notify.mapper.NotifyIntentMapper.selectList Command Type：SELECT
Consume Time：1 ms Mapper ID：org.namewta.notify.mapper.NotifyIntentAttachmentMapper.selectList Command Type：SELECT
Consume Time：0 ms Mapper ID：org.namewta.system.mapper.SysUserMapper.selectById Command Type：SELECT
Consume Time：0 ms Mapper ID：org.namewta.system.mapper.SysClientMapper.selectById Command Type：SELECT
Consume Time：1 ms Mapper ID：org.namewta.system.mapper.SysUserTypeMapper.selectById Command Type：SELECT
Consume Time：0 ms Mapper ID：org.namewta.system.mapper.SysUserTypeRelMapper.selectCount Command Type：SELECT
Consume Time：1 ms Mapper ID：org.namewta.notify.mapper.NotifyIntentMapper.selectList Command Type：SELECT
Consume Time：1 ms Mapper ID：org.namewta.notify.mapper.NotifyOutboxMapper.selectList Command Type：SELECT
Consume Time：0 ms Mapper ID：org.namewta.notify.mapper.NotifyDeliveryMapper.selectList Command Type：SELECT
Consume Time：0 ms Mapper ID：org.namewta.notify.mapper.NotifyOutboxMapper.databaseNow Command Type：SELECT
Consume Time：1 ms Mapper ID：org.namewta.notify.mapper.NotifyDeliveryMapper.update Command Type：UPDATE
Consume Time：1 ms Mapper ID：org.namewta.notify.mapper.NotifyAttemptMapper.insert Command Type：INSERT
Consume Time：0 ms Mapper ID：org.namewta.notify.mapper.NotifyOutboxMapper.finish Command Type：UPDATE
Consume Time：0 ms Mapper ID：org.namewta.notify.mapper.NotifyIntentMapper.selectList Command Type：SELECT
Consume Time：0 ms Mapper ID：org.namewta.notify.mapper.NotifyDeliveryMapper.selectList Command Type：SELECT
Consume Time：0 ms Mapper ID：org.namewta.notify.mapper.NotifyIntentMapper.updateById Command Type：UPDATE
Consume Time：0 ms Mapper ID：org.namewta.notify.mapper.NotifyOutboxMapper.databaseNow Command Type：SELECT
Consume Time：1 ms Mapper ID：org.namewta.notify.mapper.NotifyOutboxMapper.selectClaimable Command Type：SELECT
Consume Time：1 ms Mapper ID：org.namewta.notify.mapper.NotifyIntentAttachmentMapper.selectList Command Type：SELECT
]]></system-err>
  </testcase>
  <testcase name="twoRecipientsShareOneOrderedPrivateSnapshot" classname="org.namewta.test.notify.NotifyMailAttachmentIntegrationTest" time="1.145">
    <system-out><![CDATA[&amp#27;[36m2026-09-24 03:11:24&amp#27;[0;39m &amp#27;[32m[async-2]&amp#27;[0;39m &amp#27;[34mINFO &amp#27;[0;39m &amp#27;[1;35mo.n.s.s.impl.SysLoginInfoServiceImpl
&amp#27;[0;39m - [127.0.0.1]内网IP[WTA][Success][登录成功]
&amp#27;[36m2026-09-24 03:11:24&amp#27;[0;39m &amp#27;[32m[main]&amp#27;[0;39m &amp#27;[34mINFO &amp#27;[0;39m &amp#27;[1;35mo.n.w.l.UserLoginSuccessListener
&amp#27;[0;39m - user doLogin, userId:sys_user:1761100000000000001, token:***0ICr-BPY
&amp#27;[36m2026-09-24 03:11:25&amp#27;[0;39m &amp#27;[32m[main]&amp#27;[0;39m &amp#27;[34mINFO &amp#27;[0;39m &amp#27;[1;35mo.n.n.a.worker.NotifyOutboxWorker
&amp#27;[0;39m - notify outbox drain trigger=POLL claimed=2 batches=2
]]></system-out>
    <system-err><![CDATA[Consume Time：1 ms Mapper ID：org.namewta.system.mapper.SysUserMapper.updateById Command Type：UPDATE
Consume Time：2 ms Mapper ID：org.namewta.system.mapper.SysLoginInfoMapper.insert Command Type：INSERT
Consume Time：1 ms Mapper ID：org.namewta.notify.mapper.NotifyIntentMapper.selectList Command Type：SELECT
Consume Time：2 ms Mapper ID：org.namewta.notify.mapper.NotifyIntentMapper.insert Command Type：INSERT
Consume Time：1 ms Mapper ID：org.namewta.notify.mapper.NotifyIntentAttachmentMapper.insert Command Type：INSERT
Consume Time：1 ms Mapper ID：org.namewta.notify.mapper.NotifyIntentAttachmentMapper.selectList Command Type：SELECT
Consume Time：1 ms Mapper ID：org.namewta.system.mapper.SysUserMapper.selectById Command Type：SELECT
Consume Time：1 ms Mapper ID：org.namewta.system.mapper.SysClientMapper.selectById Command Type：SELECT
Consume Time：2 ms Mapper ID：org.namewta.system.mapper.SysUserTypeMapper.selectById Command Type：SELECT
Consume Time：2 ms Mapper ID：org.namewta.system.mapper.SysUserTypeRelMapper.selectCount Command Type：SELECT
Consume Time：3 ms Mapper ID：org.namewta.system.mapper.SysUserTypeMapper.selectById Command Type：SELECT
Consume Time：2 ms Mapper ID：org.namewta.system.mapper.SysOssConfigMapper.lockAllConfigs Command Type：SELECT
Consume Time：1 ms Mapper ID：org.namewta.system.mapper.SysOssMapper.selectByIdForUpdate Command Type：SELECT
Consume Time：0 ms Mapper ID：org.namewta.system.mapper.SysOssMapper.selectByIdForUpdate Command Type：SELECT
Consume Time：1 ms Mapper ID：org.namewta.system.oss.mapper.SysOssRefMapper.countActiveByOssId Command Type：SELECT
Consume Time：1 ms Mapper ID：org.namewta.system.oss.mapper.SysOssRefMapper.existsActive Command Type：SELECT
Consume Time：2 ms Mapper ID：org.namewta.system.oss.mapper.SysOssRefMapper.restoreReference Command Type：UPDATE
Consume Time：4 ms Mapper ID：org.namewta.system.oss.mapper.SysOssRefMapper.insert Command Type：INSERT
Consume Time：2 ms Mapper ID：org.namewta.notify.mapper.NotifyIntentAttachmentMapper.updateById Command Type：UPDATE
Consume Time：1 ms Mapper ID：org.namewta.notify.mapper.NotifyRecipientMapper.insert Command Type：INSERT
Consume Time：1 ms Mapper ID：org.namewta.notify.mapper.NotifyDeliveryMapper.insert Command Type：INSERT
Consume Time：1 ms Mapper ID：org.namewta.notify.mapper.NotifyOutboxMapper.insert Command Type：INSERT
Consume Time：1 ms Mapper ID：org.namewta.notify.mapper.NotifyRecipientMapper.insert Command Type：INSERT
Consume Time：3 ms Mapper ID：org.namewta.notify.mapper.NotifyDeliveryMapper.insert Command Type：INSERT
Consume Time：2 ms Mapper ID：org.namewta.notify.mapper.NotifyOutboxMapper.insert Command Type：INSERT
Consume Time：4 ms Mapper ID：org.namewta.notify.mapper.NotifyIntentMapper.selectById Command Type：SELECT
Consume Time：1 ms Mapper ID：org.namewta.notify.mapper.NotifyDeliveryMapper.selectList Command Type：SELECT
Consume Time：5 ms Mapper ID：org.namewta.notify.mapper.NotifyOutboxMapper.databaseNow Command Type：SELECT
Consume Time：5 ms Mapper ID：org.namewta.notify.mapper.NotifyOutboxMapper.selectClaimable Command Type：SELECT
Consume Time：3 ms Mapper ID：org.namewta.notify.mapper.NotifyDeliveryMapper.selectByIds Command Type：SELECT
Consume Time：22 ms Mapper ID：org.namewta.notify.mapper.NotifyOutboxMapper.claim Command Type：UPDATE
Consume Time：10 ms Mapper ID：org.namewta.notify.mapper.NotifyOutboxMapper.claim Command Type：UPDATE
Consume Time：15 ms Mapper ID：org.namewta.notify.mapper.NotifyOutboxMapper.selectById Command Type：SELECT
Consume Time：2 ms Mapper ID：org.namewta.notify.mapper.NotifyOutboxMapper.databaseNow Command Type：SELECT
Consume Time：3 ms Mapper ID：org.namewta.notify.mapper.NotifyIntentMapper.selectById Command Type：SELECT
Consume Time：5 ms Mapper ID：org.namewta.notify.mapper.NotifyDeliveryMapper.selectById Command Type：SELECT
Consume Time：4 ms Mapper ID：org.namewta.notify.mapper.NotifyIntentMapper.selectList Command Type：SELECT
Consume Time：2 ms Mapper ID：org.namewta.notify.mapper.NotifyOutboxMapper.selectList Command Type：SELECT
Consume Time：1 ms Mapper ID：org.namewta.notify.mapper.NotifyOutboxMapper.databaseNow Command Type：SELECT
Consume Time：6 ms Mapper ID：org.namewta.notify.mapper.NotifyOutboxMapper.renew Command Type：UPDATE
Consume Time：4 ms Mapper ID：org.namewta.notify.mapper.NotifyIntentMapper.selectList Command Type：SELECT
Consume Time：2 ms Mapper ID：org.namewta.notify.mapper.NotifyOutboxMapper.selectList Command Type：SELECT
Consume Time：2 ms Mapper ID：org.namewta.notify.mapper.NotifyIntentMapper.selectList Command Type：SELECT
Consume Time：2 ms Mapper ID：org.namewta.notify.mapper.NotifyDeliveryMapper.selectList Command Type：SELECT
Consume Time：2 ms Mapper ID：org.namewta.notify.mapper.NotifyOutboxMapper.databaseNow Command Type：SELECT
Consume Time：1 ms Mapper ID：org.namewta.notify.mapper.NotifyOutboxMapper.databaseNow Command Type：SELECT
Consume Time：3 ms Mapper ID：org.namewta.notify.mapper.NotifySceneBindingMapper.selectList Command Type：SELECT
Consume Time：1 ms Mapper ID：org.namewta.notify.mapper.NotifyChannelAccountMapper.selectById Command Type：SELECT
Consume Time：1 ms Mapper ID：org.namewta.notify.mapper.NotifyIntentAttachmentMapper.selectList Command Type：SELECT
Consume Time：1 ms Mapper ID：org.namewta.notify.mapper.NotifyIntentMapper.selectList Command Type：SELECT
Consume Time：1 ms Mapper ID：org.namewta.notify.mapper.NotifyOutboxMapper.selectList Command Type：SELECT
Consume Time：2 ms Mapper ID：org.namewta.notify.mapper.NotifyIntentMapper.selectList Command Type：SELECT
Consume Time：1 ms Mapper ID：org.namewta.notify.mapper.NotifyDeliveryMapper.selectList Command Type：SELECT
Consume Time：1 ms Mapper ID：org.namewta.notify.mapper.NotifyOutboxMapper.databaseNow Command Type：SELECT
Consume Time：1 ms Mapper ID：org.namewta.notify.mapper.NotifyOutboxMapper.databaseNow Command Type：SELECT
Consume Time：3 ms Mapper ID：org.namewta.notify.mapper.NotifyIntentAttachmentMapper.selectList Command Type：SELECT
Consume Time：1 ms Mapper ID：org.namewta.notify.mapper.NotifyIntentMapper.selectList Command Type：SELECT
Consume Time：2 ms Mapper ID：org.namewta.notify.mapper.NotifyIntentAttachmentMapper.selectList Command Type：SELECT
Consume Time：4 ms Mapper ID：org.namewta.system.mapper.SysUserMapper.selectById Command Type：SELECT
Consume Time：4 ms Mapper ID：org.namewta.system.mapper.SysClientMapper.selectById Command Type：SELECT
Consume Time：1 ms Mapper ID：org.namewta.system.mapper.SysUserTypeMapper.selectById Command Type：SELECT
Consume Time：1 ms Mapper ID：org.namewta.system.mapper.SysUserTypeRelMapper.selectCount Command Type：SELECT
Consume Time：2 ms Mapper ID：org.namewta.system.mapper.SysUserTypeMapper.selectById Command Type：SELECT
Consume Time：1 ms Mapper ID：org.namewta.system.mapper.SysOssConfigMapper.lockAllConfigs Command Type：SELECT
Consume Time：1 ms Mapper ID：org.namewta.system.mapper.SysOssMapper.selectByIdForUpdate Command Type：SELECT
Consume Time：2 ms Mapper ID：org.namewta.system.mapper.SysOssMapper.selectById Command Type：SELECT
Consume Time：3 ms Mapper ID：org.namewta.system.oss.mapper.SysOssRefMapper.selectActiveByOssId Command Type：SELECT
Consume Time：2 ms Mapper ID：org.namewta.system.mapper.SysOssMapper.insert Command Type：INSERT
Consume Time：1 ms Mapper ID：org.namewta.system.mapper.SysOssMapper.selectByIdForUpdate Command Type：SELECT
Consume Time：1 ms Mapper ID：org.namewta.system.oss.mapper.SysOssRefMapper.countActiveByOssId Command Type：SELECT
Consume Time：1 ms Mapper ID：org.namewta.system.oss.mapper.SysOssRefMapper.existsActive Command Type：SELECT
[...]
&amp#27;[0;39m - user doLogout, userId:sys_user:1761100000000000001, token:***Aiwii1Bc
&amp#27;[36m2026-09-24 03:12:03&amp#27;[0;39m &amp#27;[32m[async-2]&amp#27;[0;39m &amp#27;[34mINFO &amp#27;[0;39m &amp#27;[1;35mo.n.s.s.impl.SysLoginInfoServiceImpl
&amp#27;[0;39m - [127.0.0.1]内网IP[WTA][Success][登录成功]
&amp#27;[36m2026-09-24 03:12:03&amp#27;[0;39m &amp#27;[32m[owned-t42-unique-race]&amp#27;[0;39m &amp#27;[34mINFO &amp#27;[0;39m &amp#27;[1;35mo.n.w.l.UserLoginSuccessListener
&amp#27;[0;39m - user doLogin, userId:sys_user:1761100000000000001, token:***00I0orUY
&amp#27;[36m2026-09-24 03:12:03&amp#27;[0;39m &amp#27;[32m[owned-t42-unique-race]&amp#27;[0;39m &amp#27;[34mINFO &amp#27;[0;39m &amp#27;[1;35mo.n.web.listener.UserActionListener
&amp#27;[0;39m - user doLogout, userId:sys_user:1761100000000000001, token:***iDyPScxQ
]]></system-out>
    <system-err><![CDATA[Consume Time：1 ms Mapper ID：org.namewta.system.mapper.SysUserMapper.updateById Command Type：UPDATE
Consume Time：3 ms Mapper ID：org.namewta.system.mapper.SysLoginInfoMapper.insert Command Type：INSERT
Consume Time：0 ms Mapper ID：org.namewta.notify.mapper.NotifyIntentMapper.selectList Command Type：SELECT
Consume Time：0 ms Mapper ID：org.namewta.notify.mapper.NotifyIntentMapper.insert Command Type：INSERT
Consume Time：0 ms Mapper ID：org.namewta.notify.mapper.NotifyIntentAttachmentMapper.insert Command Type：INSERT
Consume Time：0 ms Mapper ID：org.namewta.notify.mapper.NotifyIntentAttachmentMapper.selectList Command Type：SELECT
Consume Time：0 ms Mapper ID：org.namewta.system.mapper.SysUserMapper.selectById Command Type：SELECT
Consume Time：0 ms Mapper ID：org.namewta.system.mapper.SysClientMapper.selectById Command Type：SELECT
Consume Time：0 ms Mapper ID：org.namewta.system.mapper.SysUserTypeMapper.selectById Command Type：SELECT
Consume Time：0 ms Mapper ID：org.namewta.system.mapper.SysUserTypeRelMapper.selectCount Command Type：SELECT
Consume Time：0 ms Mapper ID：org.namewta.system.mapper.SysUserTypeMapper.selectById Command Type：SELECT
Consume Time：0 ms Mapper ID：org.namewta.system.mapper.SysOssConfigMapper.lockAllConfigs Command Type：SELECT
Consume Time：0 ms Mapper ID：org.namewta.system.mapper.SysOssMapper.selectByIdForUpdate Command Type：SELECT
Consume Time：0 ms Mapper ID：org.namewta.system.mapper.SysOssMapper.selectByIdForUpdate Command Type：SELECT
Consume Time：0 ms Mapper ID：org.namewta.system.oss.mapper.SysOssRefMapper.countActiveByOssId Command Type：SELECT
Consume Time：0 ms Mapper ID：org.namewta.system.oss.mapper.SysOssRefMapper.existsActive Command Type：SELECT
Consume Time：0 ms Mapper ID：org.namewta.system.oss.mapper.SysOssRefMapper.restoreReference Command Type：UPDATE
Consume Time：0 ms Mapper ID：org.namewta.system.oss.mapper.SysOssRefMapper.insert Command Type：INSERT
Consume Time：0 ms Mapper ID：org.namewta.notify.mapper.NotifyIntentAttachmentMapper.updateById Command Type：UPDATE
Consume Time：0 ms Mapper ID：org.namewta.notify.mapper.NotifyRecipientMapper.insert Command Type：INSERT
Consume Time：0 ms Mapper ID：org.namewta.notify.mapper.NotifyDeliveryMapper.insert Command Type：INSERT
Consume Time：0 ms Mapper ID：org.namewta.notify.mapper.NotifyOutboxMapper.insert Command Type：INSERT
Consume Time：0 ms Mapper ID：org.namewta.notify.mapper.NotifyIntentMapper.selectById Command Type：SELECT
Consume Time：0 ms Mapper ID：org.namewta.notify.mapper.NotifyDeliveryMapper.selectList Command Type：SELECT
Consume Time：1 ms Mapper ID：org.namewta.system.mapper.SysUserMapper.updateById Command Type：UPDATE
Consume Time：1 ms Mapper ID：org.namewta.system.mapper.SysLoginInfoMapper.insert Command Type：INSERT
Consume Time：0 ms Mapper ID：org.namewta.notify.mapper.NotifyIntentMapper.selectList Command Type：SELECT
Consume Time：2 ms Mapper ID：org.namewta.notify.mapper.NotifyIntentMapper.insert Command Type：INSERT Execute Error：java.sql.SQLIntegrityConstraintViolationException
Consume Time：0 ms Mapper ID：org.namewta.notify.mapper.NotifyIntentMapper.selectList Command Type：SELECT
Consume Time：0 ms Mapper ID：org.namewta.notify.mapper.NotifyIntentAttachmentMapper.selectList Command Type：SELECT
Consume Time：0 ms Mapper ID：org.namewta.notify.mapper.NotifyDeliveryMapper.selectList Command Type：SELECT
Consume Time：0 ms Mapper ID：org.namewta.notify.mapper.NotifyIntentAttachmentMapper.selectList Command Type：SELECT
]]></system-err>
  </testcase>
  <testcase name="sameKeyAndAttachmentWithDifferentAuthenticatedUserRejectsOldReceipt" classname="org.namewta.test.notify.NotifyMailAttachmentIntegrationTest" time="0.409">
    <system-out><![CDATA[&amp#27;[36m2026-09-24 03:12:03&amp#27;[0;39m &amp#27;[32m[async-4]&amp#27;[0;39m &amp#27;[34mINFO &amp#27;[0;39m &amp#27;[1;35mo.n.s.s.impl.SysLoginInfoServiceImpl
&amp#27;[0;39m - [127.0.0.1]内网IP[WTA][Success][登录成功]
&amp#27;[36m2026-09-24 03:12:03&amp#27;[0;39m &amp#27;[32m[main]&amp#27;[0;39m &amp#27;[34mINFO &amp#27;[0;39m &amp#27;[1;35mo.n.w.l.UserLoginSuccessListener
&amp#27;[0;39m - user doLogin, userId:sys_user:1761100000000000001, token:***biCOEEDc
&amp#27;[36m2026-09-24 03:12:03&amp#27;[0;39m &amp#27;[32m[main]&amp#27;[0;39m &amp#27;[34mINFO &amp#27;[0;39m &amp#27;[1;35mo.n.web.listener.UserActionListener
&amp#27;[0;39m - user doLogout, userId:sys_user:1761100000000000001, token:***t31UJx8s
&amp#27;[36m2026-09-24 03:12:03&amp#27;[0;39m &amp#27;[32m[async-5]&amp#27;[0;39m &amp#27;[34mINFO &amp#27;[0;39m &amp#27;[1;35mo.n.s.s.impl.SysLoginInfoServiceImpl
&amp#27;[0;39m - [127.0.0.1]内网IP[test][Success][登录成功]
&amp#27;[36m2026-09-24 03:12:03&amp#27;[0;39m &amp#27;[32m[main]&amp#27;[0;39m &amp#27;[34mINFO &amp#27;[0;39m &amp#27;[1;35mo.n.w.l.UserLoginSuccessListener
&amp#27;[0;39m - user doLogin, userId:sys_user:1761100000000000003, token:***QBrX0FDw
&amp#27;[36m2026-09-24 03:12:03&amp#27;[0;39m &amp#27;[32m[async-6]&amp#27;[0;39m &amp#27;[34mINFO &amp#27;[0;39m &amp#27;[1;35mo.n.s.s.impl.SysLoginInfoServiceImpl
&amp#27;[0;39m - [127.0.0.1]内网IP[test][Success][登录成功]
&amp#27;[36m2026-09-24 03:12:03&amp#27;[0;39m &amp#27;[32m[main]&amp#27;[0;39m &amp#27;[34mINFO &amp#27;[0;39m &amp#27;[1;35mo.n.w.l.UserLoginSuccessListener
&amp#27;[0;39m - user doLogin, userId:sys_user:1761100000000000003, token:***-fG8U3vM
]]></system-out>
    <system-err><![CDATA[Consume Time：1 ms Mapper ID：org.namewta.system.mapper.SysUserMapper.updateById Command Type：UPDATE
Consume Time：1 ms Mapper ID：org.namewta.system.mapper.SysLoginInfoMapper.insert Command Type：INSERT
Consume Time：0 ms Mapper ID：org.namewta.notify.mapper.NotifyIntentMapper.selectList Command Type：SELECT
Consume Time：1 ms Mapper ID：org.namewta.notify.mapper.NotifyIntentMapper.insert Command Type：INSERT
Consume Time：1 ms Mapper ID：org.namewta.notify.mapper.NotifyIntentAttachmentMapper.insert Command Type：INSERT
Consume Time：1 ms Mapper ID：org.namewta.notify.mapper.NotifyIntentAttachmentMapper.selectList Command Type：SELECT
Consume Time：0 ms Mapper ID：org.namewta.system.mapper.SysUserMapper.selectById Command Type：SELECT
Consume Time：0 ms Mapper ID：org.namewta.system.mapper.SysClientMapper.selectById Command Type：SELECT
Consume Time：0 ms Mapper ID：org.namewta.system.mapper.SysUserTypeMapper.selectById Command Type：SELECT
Consume Time：0 ms Mapper ID：org.namewta.system.mapper.SysUserTypeRelMapper.selectCount Command Type：SELECT
Consume Time：0 ms Mapper ID：org.namewta.system.mapper.SysUserTypeMapper.selectById Command Type：SELECT
Consume Time：1 ms Mapper ID：org.namewta.system.mapper.SysOssConfigMapper.lockAllConfigs Command Type：SELECT
Consume Time：0 ms Mapper ID：org.namewta.system.mapper.SysOssMapper.selectByIdForUpdate Command Type：SELECT
Consume Time：0 ms Mapper ID：org.namewta.system.mapper.SysOssMapper.selectByIdForUpdate Command Type：SELECT
Consume Time：0 ms Mapper ID：org.namewta.system.oss.mapper.SysOssRefMapper.countActiveByOssId Command Type：SELECT
Consume Time：0 ms Mapper ID：org.namewta.system.oss.mapper.SysOssRefMapper.existsActive Command Type：SELECT
Consume Time：0 ms Mapper ID：org.namewta.system.oss.mapper.SysOssRefMapper.restoreReference Command Type：UPDATE
Consume Time：0 ms Mapper ID：org.namewta.system.oss.mapper.SysOssRefMapper.insert Command Type：INSERT
Consume Time：1 ms Mapper ID：org.namewta.notify.mapper.NotifyIntentAttachmentMapper.updateById Command Type：UPDATE
Consume Time：1 ms Mapper ID：org.namewta.notify.mapper.NotifyRecipientMapper.insert Command Type：INSERT
Consume Time：0 ms Mapper ID：org.namewta.notify.mapper.NotifyDeliveryMapper.insert Command Type：INSERT
Consume Time：0 ms Mapper ID：org.namewta.notify.mapper.NotifyOutboxMapper.insert Command Type：INSERT
Consume Time：0 ms Mapper ID：org.namewta.notify.mapper.NotifyIntentMapper.selectById Command Type：SELECT
Consume Time：0 ms Mapper ID：org.namewta.notify.mapper.NotifyDeliveryMapper.selectList Command Type：SELECT
Consume Time：1 ms Mapper ID：org.namewta.system.mapper.SysUserMapper.updateById Command Type：UPDATE
Consume Time：2 ms Mapper ID：org.namewta.system.mapper.SysLoginInfoMapper.insert Command Type：INSERT
Consume Time：0 ms Mapper ID：org.namewta.notify.mapper.NotifyIntentMapper.selectList Command Type：SELECT
Consume Time：0 ms Mapper ID：org.namewta.notify.mapper.NotifyIntentMapper.insert Command Type：INSERT
Consume Time：0 ms Mapper ID：org.namewta.notify.mapper.NotifyIntentAttachmentMapper.insert Command Type：INSERT
Consume Time：1 ms Mapper ID：org.namewta.notify.mapper.NotifyIntentAttachmentMapper.selectList Command Type：SELECT
Consume Time：1 ms Mapper ID：org.namewta.system.mapper.SysUserMapper.selectById Command Type：SELECT
Consume Time：0 ms Mapper ID：org.namewta.system.mapper.SysClientMapper.selectById Command Type：SELECT
Consume Time：1 ms Mapper ID：org.namewta.system.mapper.SysUserTypeMapper.selectById Command Type：SELECT
Consume Time：1 ms Mapper ID：org.namewta.system.mapper.SysUserTypeRelMapper.selectCount Command Type：SELECT
Consume Time：0 ms Mapper ID：org.namewta.system.mapper.SysUserTypeMapper.selectById Command Type：SELECT
Consume Time：0 ms Mapper ID：org.namewta.system.mapper.SysOssConfigMapper.lockAllConfigs Command Type：SELECT
Consume Time：0 ms Mapper ID：org.namewta.system.mapper.SysOssMapper.selectByIdForUpdate Command Type：SELECT
Consume Time：0 ms Mapper ID：org.namewta.system.mapper.SysOssMapper.selectByIdForUpdate Command Type：SELECT
Consume Time：0 ms Mapper ID：org.namewta.system.oss.mapper.SysOssRefMapper.countActiveByOssId Command Type：SELECT
Consume Time：0 ms Mapper ID：org.namewta.system.oss.mapper.SysOssRefMapper.existsActive Command Type：SELECT
Consume Time：0 ms Mapper ID：org.namewta.system.oss.mapper.SysOssRefMapper.restoreReference Command Type：UPDATE
Consume Time：0 ms Mapper ID：org.namewta.system.oss.mapper.SysOssRefMapper.insert Command Type：INSERT
Consume Time：0 ms Mapper ID：org.namewta.notify.mapper.NotifyIntentAttachmentMapper.updateById Command Type：UPDATE
Consume Time：0 ms Mapper ID：org.namewta.notify.mapper.NotifyRecipientMapper.insert Command Type：INSERT
Consume Time：0 ms Mapper ID：org.namewta.notify.mapper.NotifyDeliveryMapper.insert Command Type：INSERT
Consume Time：0 ms Mapper ID：org.namewta.notify.mapper.NotifyOutboxMapper.insert Command Type：INSERT
Consume Time：0 ms Mapper ID：org.namewta.notify.mapper.NotifyIntentMapper.selectById Command Type：SELECT
Consume Time：0 ms Mapper ID：org.namewta.notify.mapper.NotifyDeliveryMapper.selectList Command Type：SELECT
Consume Time：0 ms Mapper ID：org.namewta.notify.mapper.NotifyIntentMapper.selectById Command Type：SELECT
Consume Time：0 ms Mapper ID：org.namewta.notify.mapper.NotifyIntentAttachmentMapper.selectList Command Type：SELECT
Consume Time：0 ms Mapper ID：org.namewta.system.mapper.SysUserMapper.updateById Command Type：UPDATE
Consume Time：2 ms Mapper ID：org.namewta.system.mapper.SysLoginInfoMapper.insert Command Type：INSERT
Consume Time：0 ms Mapper ID：org.namewta.notify.mapper.NotifyIntentMapper.selectList Command Type：SELECT
Consume Time：0 ms Mapper ID：org.namewta.notify.mapper.NotifyIntentAttachmentMapper.selectList Command Type：SELECT
Consume Time：0 ms Mapper ID：org.namewta.notify.mapper.NotifyIntentMapper.selectById Command Type：SELECT
Consume Time：0 ms Mapper ID：org.namewta.notify.mapper.NotifyIntentAttachmentMapper.selectList Command Type：SELECT
]]></system-err>
  </testcase>
  <testcase name="sameKeyAndAttachmentWithDifferentAuthenticatedClientRejectsOldReceipt" classname="org.namewta.test.notify.NotifyMailAttachmentIntegrationTest" time="0.393">
    <system-out><![CDATA[&amp#27;[36m2026-09-24 03:12:03&amp#27;[0;39m &amp#27;[32m[async-7]&amp#27;[0;39m &amp#27;[34mINFO &amp#27;[0;39m &amp#27;[1;35mo.n.s.s.impl.SysLoginInfoServiceImpl
&amp#27;[0;39m - [127.0.0.1]内网IP[WTA][Success][登录成功]
&amp#27;[36m2026-09-24 03:12:03&amp#27;[0;39m &amp#27;[32m[main]&amp#27;[0;39m &amp#27;[34mINFO &amp#27;[0;39m &amp#27;[1;35mo.n.w.l.UserLoginSuccessListener
&amp#27;[0;39m - user doLogin, userId:sys_user:1761100000000000001, token:***cIaDZvx4
&amp#27;[36m2026-09-24 03:12:03&amp#27;[0;39m &amp#27;[32m[main]&amp#27;[0;39m &amp#27;[34mINFO &amp#27;[0;39m &amp#27;[1;35mo.n.web.listener.UserActionListener
&amp#27;[0;39m - user doLogout, userId:sys_user:1761100000000000001, token:***74PZNbTM
&amp#27;[36m2026-09-24 03:12:04&amp#27;[0;39m &amp#27;[32m[async-8]&amp#27;[0;39m &amp#27;[34mINFO &amp#27;[0;39m &amp#27;[1;35mo.n.s.s.impl.SysLoginInfoServiceImpl
&amp#27;[0;39m - [127.0.0.1]内网IP[WTA][Success][登录成功]
&amp#27;[36m2026-09-24 03:12:04&amp#27;[0;39m &amp#27;[32m[main]&amp#27;[0;39m &amp#27;[34mINFO &amp#27;[0;39m &amp#27;[1;35mo.n.w.l.UserLoginSuccessListener
&amp#27;[0;39m - user doLogin, userId:app_user:1761100000000000001, token:***Js-ben4Q
&amp#27;[36m2026-09-24 03:12:04&amp#27;[0;39m &amp#27;[32m[async-1]&amp#27;[0;39m &amp#27;[34mINFO &amp#27;[0;39m &amp#27;[1;35mo.n.s.s.impl.SysLoginInfoServiceImpl
&amp#27;[0;39m - [127.0.0.1]内网IP[WTA][Success][登录成功]
&amp#27;[36m2026-09-24 03:12:04&amp#27;[0;39m &amp#27;[32m[main]&amp#27;[0;39m &amp#27;[34mINFO &amp#27;[0;39m &amp#27;[1;35mo.n.w.l.UserLoginSuccessListener
&amp#27;[0;39m - user doLogin, userId:app_user:1761100000000000001, token:***Jf0IjUw0
]]></system-out>
    <system-err><![CDATA[Consume Time：1 ms Mapper ID：org.namewta.system.mapper.SysUserMapper.updateById Command Type：UPDATE
Consume Time：1 ms Mapper ID：org.namewta.system.mapper.SysLoginInfoMapper.insert Command Type：INSERT
Consume Time：0 ms Mapper ID：org.namewta.notify.mapper.NotifyIntentMapper.selectList Command Type：SELECT
Consume Time：0 ms Mapper ID：org.namewta.notify.mapper.NotifyIntentMapper.insert Command Type：INSERT
Consume Time：0 ms Mapper ID：org.namewta.notify.mapper.NotifyIntentAttachmentMapper.insert Command Type：INSERT
Consume Time：0 ms Mapper ID：org.namewta.notify.mapper.NotifyIntentAttachmentMapper.selectList Command Type：SELECT
Consume Time：0 ms Mapper ID：org.namewta.system.mapper.SysUserMapper.selectById Command Type：SELECT
Consume Time：0 ms Mapper ID：org.namewta.system.mapper.SysClientMapper.selectById Command Type：SELECT
Consume Time：0 ms Mapper ID：org.namewta.system.mapper.SysUserTypeMapper.selectById Command Type：SELECT
Consume Time：0 ms Mapper ID：org.namewta.system.mapper.SysUserTypeRelMapper.selectCount Command Type：SELECT
Consume Time：0 ms Mapper ID：org.namewta.system.mapper.SysUserTypeMapper.selectById Command Type：SELECT
Consume Time：0 ms Mapper ID：org.namewta.system.mapper.SysOssConfigMapper.lockAllConfigs Command Type：SELECT
Consume Time：0 ms Mapper ID：org.namewta.system.mapper.SysOssMapper.selectByIdForUpdate Command Type：SELECT
Consume Time：0 ms Mapper ID：org.namewta.system.mapper.SysOssMapper.selectByIdForUpdate Command Type：SELECT
Consume Time：0 ms Mapper ID：org.namewta.system.oss.mapper.SysOssRefMapper.countActiveByOssId Command Type：SELECT
Consume Time：0 ms Mapper ID：org.namewta.system.oss.mapper.SysOssRefMapper.existsActive Command Type：SELECT
Consume Time：0 ms Mapper ID：org.namewta.system.oss.mapper.SysOssRefMapper.restoreReference Command Type：UPDATE
Consume Time：0 ms Mapper ID：org.namewta.system.oss.mapper.SysOssRefMapper.insert Command Type：INSERT
Consume Time：0 ms Mapper ID：org.namewta.notify.mapper.NotifyIntentAttachmentMapper.updateById Command Type：UPDATE
Consume Time：0 ms Mapper ID：org.namewta.notify.mapper.NotifyRecipientMapper.insert Command Type：INSERT
Consume Time：0 ms Mapper ID：org.namewta.notify.mapper.NotifyDeliveryMapper.insert Command Type：INSERT
Consume Time：0 ms Mapper ID：org.namewta.notify.mapper.NotifyOutboxMapper.insert Command Type：INSERT
Consume Time：0 ms Mapper ID：org.namewta.notify.mapper.NotifyIntentMapper.selectById Command Type：SELECT
Consume Time：0 ms Mapper ID：org.namewta.notify.mapper.NotifyDeliveryMapper.selectList Command Type：SELECT
Consume Time：1 ms Mapper ID：org.namewta.system.mapper.SysUserMapper.updateById Command Type：UPDATE
Consume Time：2 ms Mapper ID：org.namewta.system.mapper.SysLoginInfoMapper.insert Command Type：INSERT
Consume Time：0 ms Mapper ID：org.namewta.notify.mapper.NotifyIntentMapper.selectList Command Type：SELECT
Consume Time：0 ms Mapper ID：org.namewta.notify.mapper.NotifyIntentMapper.insert Command Type：INSERT
Consume Time：0 ms Mapper ID：org.namewta.notify.mapper.NotifyIntentAttachmentMapper.insert Command Type：INSERT
Consume Time：0 ms Mapper ID：org.namewta.notify.mapper.NotifyIntentAttachmentMapper.selectList Command Type：SELECT
Consume Time：0 ms Mapper ID：org.namewta.system.mapper.SysUserMapper.selectById Command Type：SELECT
Consume Time：0 ms Mapper ID：org.namewta.system.mapper.SysClientMapper.selectById Command Type：SELECT
Consume Time：0 ms Mapper ID：org.namewta.system.mapper.SysUserTypeMapper.selectById Command Type：SELECT
Consume Time：0 ms Mapper ID：org.namewta.system.mapper.SysUserTypeRelMapper.selectCount Command Type：SELECT
Consume Time：0 ms Mapper ID：org.namewta.system.mapper.SysUserTypeMapper.selectById Command Type：SELECT
Consume Time：0 ms Mapper ID：org.namewta.system.mapper.SysOssConfigMapper.lockAllConfigs Command Type：SELECT
Consume Time：0 ms Mapper ID：org.namewta.system.mapper.SysOssMapper.selectByIdForUpdate Command Type：SELECT
Consume Time：0 ms Mapper ID：org.namewta.system.mapper.SysOssMapper.selectByIdForUpdate Command Type：SELECT
Consume Time：0 ms Mapper ID：org.namewta.system.oss.mapper.SysOssRefMapper.countActiveByOssId Command Type：SELECT
Consume Time：0 ms Mapper ID：org.namewta.system.oss.mapper.SysOssRefMapper.existsActive Command Type：SELECT
Consume Time：0 ms Mapper ID：org.namewta.system.oss.mapper.SysOssRefMapper.restoreReference Command Type：UPDATE
Consume Time：0 ms Mapper ID：org.namewta.system.oss.mapper.SysOssRefMapper.insert Command Type：INSERT
Consume Time：0 ms Mapper ID：org.namewta.notify.mapper.NotifyIntentAttachmentMapper.updateById Command Type：UPDATE
Consume Time：0 ms Mapper ID：org.namewta.notify.mapper.NotifyRecipientMapper.insert Command Type：INSERT
Consume Time：0 ms Mapper ID：org.namewta.notify.mapper.NotifyDeliveryMapper.insert Command Type：INSERT
Consume Time：0 ms Mapper ID：org.namewta.notify.mapper.NotifyOutboxMapper.insert Command Type：INSERT
Consume Time：0 ms Mapper ID：org.namewta.notify.mapper.NotifyIntentMapper.selectById Command Type：SELECT
Consume Time：0 ms Mapper ID：org.namewta.notify.mapper.NotifyDeliveryMapper.selectList Command Type：SELECT
Consume Time：0 ms Mapper ID：org.namewta.notify.mapper.NotifyIntentMapper.selectById Command Type：SELECT
Consume Time：0 ms Mapper ID：org.namewta.notify.mapper.NotifyIntentAttachmentMapper.selectList Command Type：SELECT
Consume Time：0 ms Mapper ID：org.namewta.system.mapper.SysUserMapper.updateById Command Type：UPDATE
Consume Time：2 ms Mapper ID：org.namewta.system.mapper.SysLoginInfoMapper.insert Command Type：INSERT
Consume Time：0 ms Mapper ID：org.namewta.notify.mapper.NotifyIntentMapper.selectList Command Type：SELECT
Consume Time：0 ms Mapper ID：org.namewta.notify.mapper.NotifyIntentAttachmentMapper.selectList Command Type：SELECT
Consume Time：0 ms Mapper ID：org.namewta.notify.mapper.NotifyIntentMapper.selectById Command Type：SELECT
Consume Time：0 ms Mapper ID：org.namewta.notify.mapper.NotifyIntentAttachmentMapper.selectList Command Type：SELECT
]]></system-err>
  </testcase>
</testsuite>